
2019-07-24 00:02:21
[WARN]-[Thread: XNIO-3 task-1]-[com.jfinal.plugin.ehcache.CacheKit.getOrAddCache()]: Could not find cache config [setting], using default.

2019-07-24 00:02:21
[WARN]-[Thread: XNIO-3 task-1]-[com.jfinal.plugin.ehcache.CacheKit.getOrAddCache()]: Could not find cache config [loginAdmin], using default.

2019-07-24 00:12:17
[WARN]-[Thread: XNIO-1 task-1]-[com.jfinal.plugin.ehcache.CacheKit.getOrAddCache()]: Could not find cache config [setting], using default.

2019-07-24 00:12:17
[WARN]-[Thread: XNIO-1 task-1]-[com.jfinal.plugin.ehcache.CacheKit.getOrAddCache()]: Could not find cache config [loginAdmin], using default.

2019-07-24 00:12:45
[ERROR]-[Thread: XNIO-1 task-8]-[com.jfinal.core.ActionHandler.handle()]: /admin/groupInsurance/saveEmployerPersonBtn?hiddenOrderIdForImport=135
com.jfinal.template.TemplateException: Unsupported operation type: java.lang.Integer + null
Template: "/mail/protection.html". Line: 123
	at com.jfinal.template.expr.ast.Arith.doEval(Arith.java:96)
	at com.jfinal.template.expr.ast.Arith.eval(Arith.java:56)
	at com.jfinal.template.stat.ast.Output.exec(Output.java:49)
	at com.jfinal.template.stat.ast.StatList.exec(StatList.java:68)
	at com.jfinal.template.stat.ast.For.forIterator(For.java:74)
	at com.jfinal.template.stat.ast.For.exec(For.java:53)
	at com.jfinal.template.stat.ast.StatList.exec(StatList.java:68)
	at com.jfinal.template.Template.render(Template.java:79)
	at com.jfinal.template.Template.renderToString(Template.java:99)
	at com.crm.service.system.impl.EmailServiceImpl.sendChangePersonEmail(EmailServiceImpl.java:85)
	at com.crm.service.system.impl.EmailServiceImpl$$EnhancerByCGLIB$$6ed2c1b2.CGLIB$sendChangePersonEmail$0(<generated>)
	at com.crm.service.system.impl.EmailServiceImpl$$EnhancerByCGLIB$$6ed2c1b2$$FastClassByCGLIB$$83f1e763.invoke(<generated>)
	at net.sf.cglib.proxy.MethodProxy.invokeSuper(MethodProxy.java:228)
	at com.jfinal.aop.Invocation.invoke(Invocation.java:84)
	at com.jfinal.aop.Callback.intercept(Callback.java:96)
	at com.crm.service.system.impl.EmailServiceImpl$$EnhancerByCGLIB$$6ed2c1b2.sendChangePersonEmail(<generated>)
	at com.crm.controller.admin.group.GroupInsuranceController.saveEmployerPersonBtn(GroupInsuranceController.java:2682)
	at sun.reflect.NativeMethodAccessorImpl.invoke0(Native Method)
	at sun.reflect.NativeMethodAccessorImpl.invoke(Unknown Source)
	at sun.reflect.DelegatingMethodAccessorImpl.invoke(Unknown Source)
	at java.lang.reflect.Method.invoke(Unknown Source)
	at com.jfinal.aop.Invocation.invoke(Invocation.java:75)
	at com.crm.interceptor.EchacheInterceptor.intercept(EchacheInterceptor.java:27)
	at com.jfinal.aop.Invocation.invoke(Invocation.java:69)
	at com.crm.interceptor.AdminAuthInterceptor.intercept(AdminAuthInterceptor.java:20)
	at com.jfinal.aop.Invocation.invoke(Invocation.java:69)
	at com.crm.interceptor.AdminLoginSessionInterceptor.intercept(AdminLoginSessionInterceptor.java:62)
	at com.jfinal.aop.Invocation.invoke(Invocation.java:69)
	at com.crm.interceptor.EchacheInterceptor.intercept(EchacheInterceptor.java:27)
	at com.jfinal.aop.Invocation.invoke(Invocation.java:69)
	at com.jfinal.core.ActionHandler.handle(ActionHandler.java:81)
	at com.jfinal.core.JFinalFilter.doFilter(JFinalFilter.java:86)
	at io.undertow.servlet.core.ManagedFilter.doFilter(ManagedFilter.java:61)
	at io.undertow.servlet.handlers.FilterHandler$FilterChainImpl.doFilter(FilterHandler.java:131)
	at io.undertow.servlet.handlers.FilterHandler.handleRequest(FilterHandler.java:84)
	at io.undertow.servlet.handlers.security.ServletSecurityRoleHandler.handleRequest(ServletSecurityRoleHandler.java:62)
	at io.undertow.servlet.handlers.ServletChain$1.handleRequest(ServletChain.java:68)
	at io.undertow.servlet.handlers.ServletDispatchingHandler.handleRequest(ServletDispatchingHandler.java:36)
	at io.undertow.servlet.handlers.security.SSLInformationAssociationHandler.handleRequest(SSLInformationAssociationHandler.java:132)
	at io.undertow.servlet.handlers.security.ServletAuthenticationCallHandler.handleRequest(ServletAuthenticationCallHandler.java:57)
	at io.undertow.server.handlers.PredicateHandler.handleRequest(PredicateHandler.java:43)
	at io.undertow.security.handlers.AbstractConfidentialityHandler.handleRequest(AbstractConfidentialityHandler.java:46)
	at io.undertow.servlet.handlers.security.ServletConfidentialityConstraintHandler.handleRequest(ServletConfidentialityConstraintHandler.java:64)
	at io.undertow.security.handlers.AuthenticationMechanismsHandler.handleRequest(AuthenticationMechanismsHandler.java:60)
	at io.undertow.servlet.handlers.security.CachedAuthenticatedSessionHandler.handleRequest(CachedAuthenticatedSessionHandler.java:77)
	at io.undertow.security.handlers.AbstractSecurityContextAssociationHandler.handleRequest(AbstractSecurityContextAssociationHandler.java:43)
	at io.undertow.server.handlers.PredicateHandler.handleRequest(PredicateHandler.java:43)
	at io.undertow.server.handlers.PredicateHandler.handleRequest(PredicateHandler.java:43)
	at io.undertow.servlet.handlers.ServletInitialHandler.handleFirstRequest(ServletInitialHandler.java:292)
	at io.undertow.servlet.handlers.ServletInitialHandler.access$100(ServletInitialHandler.java:81)
	at io.undertow.servlet.handlers.ServletInitialHandler$2.call(ServletInitialHandler.java:138)
	at io.undertow.servlet.handlers.ServletInitialHandler$2.call(ServletInitialHandler.java:135)
	at io.undertow.servlet.core.ServletRequestContextThreadSetupAction$1.call(ServletRequestContextThreadSetupAction.java:48)
	at io.undertow.servlet.core.ContextClassLoaderSetupAction$1.call(ContextClassLoaderSetupAction.java:43)
	at io.undertow.servlet.handlers.ServletInitialHandler.dispatchRequest(ServletInitialHandler.java:272)
	at io.undertow.servlet.handlers.ServletInitialHandler.access$000(ServletInitialHandler.java:81)
	at io.undertow.servlet.handlers.ServletInitialHandler$1.handleRequest(ServletInitialHandler.java:104)
	at io.undertow.server.Connectors.executeRootHandler(Connectors.java:360)
	at io.undertow.server.HttpServerExchange$1.run(HttpServerExchange.java:830)
	at java.util.concurrent.ThreadPoolExecutor.runWorker(Unknown Source)
	at java.util.concurrent.ThreadPoolExecutor$Worker.run(Unknown Source)
	at java.lang.Thread.run(Unknown Source)

2019-07-24 00:15:03
[ERROR]-[Thread: XNIO-1 task-9]-[com.jfinal.core.ActionHandler.handle()]: /admin/groupInsurance/saveEmployerPersonBtn?hiddenOrderIdForImport=135
com.jfinal.template.TemplateException: Unsupported operation type: java.lang.Integer + null
Template: "/mail/protection.html". Line: 123
	at com.jfinal.template.expr.ast.Arith.doEval(Arith.java:96)
	at com.jfinal.template.expr.ast.Arith.eval(Arith.java:56)
	at com.jfinal.template.stat.ast.Output.exec(Output.java:49)
	at com.jfinal.template.stat.ast.StatList.exec(StatList.java:68)
	at com.jfinal.template.stat.ast.For.forIterator(For.java:74)
	at com.jfinal.template.stat.ast.For.exec(For.java:53)
	at com.jfinal.template.stat.ast.StatList.exec(StatList.java:68)
	at com.jfinal.template.Template.render(Template.java:79)
	at com.jfinal.template.Template.renderToString(Template.java:99)
	at com.crm.service.system.impl.EmailServiceImpl.sendChangePersonEmail(EmailServiceImpl.java:85)
	at com.crm.service.system.impl.EmailServiceImpl$$EnhancerByCGLIB$$6ed2c1b2.CGLIB$sendChangePersonEmail$0(<generated>)
	at com.crm.service.system.impl.EmailServiceImpl$$EnhancerByCGLIB$$6ed2c1b2$$FastClassByCGLIB$$83f1e763.invoke(<generated>)
	at net.sf.cglib.proxy.MethodProxy.invokeSuper(MethodProxy.java:228)
	at com.jfinal.aop.Invocation.invoke(Invocation.java:84)
	at com.jfinal.aop.Callback.intercept(Callback.java:96)
	at com.crm.service.system.impl.EmailServiceImpl$$EnhancerByCGLIB$$6ed2c1b2.sendChangePersonEmail(<generated>)
	at com.crm.controller.admin.group.GroupInsuranceController.saveEmployerPersonBtn(GroupInsuranceController.java:2682)
	at sun.reflect.NativeMethodAccessorImpl.invoke0(Native Method)
	at sun.reflect.NativeMethodAccessorImpl.invoke(Unknown Source)
	at sun.reflect.DelegatingMethodAccessorImpl.invoke(Unknown Source)
	at java.lang.reflect.Method.invoke(Unknown Source)
	at com.jfinal.aop.Invocation.invoke(Invocation.java:75)
	at com.crm.interceptor.EchacheInterceptor.intercept(EchacheInterceptor.java:27)
	at com.jfinal.aop.Invocation.invoke(Invocation.java:69)
	at com.crm.interceptor.AdminAuthInterceptor.intercept(AdminAuthInterceptor.java:20)
	at com.jfinal.aop.Invocation.invoke(Invocation.java:69)
	at com.crm.interceptor.AdminLoginSessionInterceptor.intercept(AdminLoginSessionInterceptor.java:62)
	at com.jfinal.aop.Invocation.invoke(Invocation.java:69)
	at com.crm.interceptor.EchacheInterceptor.intercept(EchacheInterceptor.java:27)
	at com.jfinal.aop.Invocation.invoke(Invocation.java:69)
	at com.jfinal.core.ActionHandler.handle(ActionHandler.java:81)
	at com.jfinal.core.JFinalFilter.doFilter(JFinalFilter.java:86)
	at io.undertow.servlet.core.ManagedFilter.doFilter(ManagedFilter.java:61)
	at io.undertow.servlet.handlers.FilterHandler$FilterChainImpl.doFilter(FilterHandler.java:131)
	at io.undertow.servlet.handlers.FilterHandler.handleRequest(FilterHandler.java:84)
	at io.undertow.servlet.handlers.security.ServletSecurityRoleHandler.handleRequest(ServletSecurityRoleHandler.java:62)
	at io.undertow.servlet.handlers.ServletChain$1.handleRequest(ServletChain.java:68)
	at io.undertow.servlet.handlers.ServletDispatchingHandler.handleRequest(ServletDispatchingHandler.java:36)
	at io.undertow.servlet.handlers.security.SSLInformationAssociationHandler.handleRequest(SSLInformationAssociationHandler.java:132)
	at io.undertow.servlet.handlers.security.ServletAuthenticationCallHandler.handleRequest(ServletAuthenticationCallHandler.java:57)
	at io.undertow.server.handlers.PredicateHandler.handleRequest(PredicateHandler.java:43)
	at io.undertow.security.handlers.AbstractConfidentialityHandler.handleRequest(AbstractConfidentialityHandler.java:46)
	at io.undertow.servlet.handlers.security.ServletConfidentialityConstraintHandler.handleRequest(ServletConfidentialityConstraintHandler.java:64)
	at io.undertow.security.handlers.AuthenticationMechanismsHandler.handleRequest(AuthenticationMechanismsHandler.java:60)
	at io.undertow.servlet.handlers.security.CachedAuthenticatedSessionHandler.handleRequest(CachedAuthenticatedSessionHandler.java:77)
	at io.undertow.security.handlers.AbstractSecurityContextAssociationHandler.handleRequest(AbstractSecurityContextAssociationHandler.java:43)
	at io.undertow.server.handlers.PredicateHandler.handleRequest(PredicateHandler.java:43)
	at io.undertow.server.handlers.PredicateHandler.handleRequest(PredicateHandler.java:43)
	at io.undertow.servlet.handlers.ServletInitialHandler.handleFirstRequest(ServletInitialHandler.java:292)
	at io.undertow.servlet.handlers.ServletInitialHandler.access$100(ServletInitialHandler.java:81)
	at io.undertow.servlet.handlers.ServletInitialHandler$2.call(ServletInitialHandler.java:138)
	at io.undertow.servlet.handlers.ServletInitialHandler$2.call(ServletInitialHandler.java:135)
	at io.undertow.servlet.core.ServletRequestContextThreadSetupAction$1.call(ServletRequestContextThreadSetupAction.java:48)
	at io.undertow.servlet.core.ContextClassLoaderSetupAction$1.call(ContextClassLoaderSetupAction.java:43)
	at io.undertow.servlet.handlers.ServletInitialHandler.dispatchRequest(ServletInitialHandler.java:272)
	at io.undertow.servlet.handlers.ServletInitialHandler.access$000(ServletInitialHandler.java:81)
	at io.undertow.servlet.handlers.ServletInitialHandler$1.handleRequest(ServletInitialHandler.java:104)
	at io.undertow.server.Connectors.executeRootHandler(Connectors.java:360)
	at io.undertow.server.HttpServerExchange$1.run(HttpServerExchange.java:830)
	at java.util.concurrent.ThreadPoolExecutor.runWorker(Unknown Source)
	at java.util.concurrent.ThreadPoolExecutor$Worker.run(Unknown Source)
	at java.lang.Thread.run(Unknown Source)

2019-07-24 00:16:34
[ERROR]-[Thread: XNIO-1 task-10]-[com.jfinal.core.ActionHandler.handle()]: /admin/groupInsurance/saveEmployerPersonBtn?hiddenOrderIdForImport=135
com.jfinal.template.TemplateException: Unsupported operation type: java.lang.Integer + null
Template: "/mail/protection.html". Line: 123
	at com.jfinal.template.expr.ast.Arith.doEval(Arith.java:96)
	at com.jfinal.template.expr.ast.Arith.eval(Arith.java:56)
	at com.jfinal.template.stat.ast.Output.exec(Output.java:49)
	at com.jfinal.template.stat.ast.StatList.exec(StatList.java:68)
	at com.jfinal.template.stat.ast.For.forIterator(For.java:74)
	at com.jfinal.template.stat.ast.For.exec(For.java:53)
	at com.jfinal.template.stat.ast.StatList.exec(StatList.java:68)
	at com.jfinal.template.Template.render(Template.java:79)
	at com.jfinal.template.Template.renderToString(Template.java:99)
	at com.crm.service.system.impl.EmailServiceImpl.sendChangePersonEmail(EmailServiceImpl.java:85)
	at com.crm.service.system.impl.EmailServiceImpl$$EnhancerByCGLIB$$6ed2c1b2.CGLIB$sendChangePersonEmail$0(<generated>)
	at com.crm.service.system.impl.EmailServiceImpl$$EnhancerByCGLIB$$6ed2c1b2$$FastClassByCGLIB$$83f1e763.invoke(<generated>)
	at net.sf.cglib.proxy.MethodProxy.invokeSuper(MethodProxy.java:228)
	at com.jfinal.aop.Invocation.invoke(Invocation.java:84)
	at com.jfinal.aop.Callback.intercept(Callback.java:96)
	at com.crm.service.system.impl.EmailServiceImpl$$EnhancerByCGLIB$$6ed2c1b2.sendChangePersonEmail(<generated>)
	at com.crm.controller.admin.group.GroupInsuranceController.saveEmployerPersonBtn(GroupInsuranceController.java:2682)
	at sun.reflect.NativeMethodAccessorImpl.invoke0(Native Method)
	at sun.reflect.NativeMethodAccessorImpl.invoke(Unknown Source)
	at sun.reflect.DelegatingMethodAccessorImpl.invoke(Unknown Source)
	at java.lang.reflect.Method.invoke(Unknown Source)
	at com.jfinal.aop.Invocation.invoke(Invocation.java:75)
	at com.crm.interceptor.EchacheInterceptor.intercept(EchacheInterceptor.java:27)
	at com.jfinal.aop.Invocation.invoke(Invocation.java:69)
	at com.crm.interceptor.AdminAuthInterceptor.intercept(AdminAuthInterceptor.java:20)
	at com.jfinal.aop.Invocation.invoke(Invocation.java:69)
	at com.crm.interceptor.AdminLoginSessionInterceptor.intercept(AdminLoginSessionInterceptor.java:62)
	at com.jfinal.aop.Invocation.invoke(Invocation.java:69)
	at com.crm.interceptor.EchacheInterceptor.intercept(EchacheInterceptor.java:27)
	at com.jfinal.aop.Invocation.invoke(Invocation.java:69)
	at com.jfinal.core.ActionHandler.handle(ActionHandler.java:81)
	at com.jfinal.core.JFinalFilter.doFilter(JFinalFilter.java:86)
	at io.undertow.servlet.core.ManagedFilter.doFilter(ManagedFilter.java:61)
	at io.undertow.servlet.handlers.FilterHandler$FilterChainImpl.doFilter(FilterHandler.java:131)
	at io.undertow.servlet.handlers.FilterHandler.handleRequest(FilterHandler.java:84)
	at io.undertow.servlet.handlers.security.ServletSecurityRoleHandler.handleRequest(ServletSecurityRoleHandler.java:62)
	at io.undertow.servlet.handlers.ServletChain$1.handleRequest(ServletChain.java:68)
	at io.undertow.servlet.handlers.ServletDispatchingHandler.handleRequest(ServletDispatchingHandler.java:36)
	at io.undertow.servlet.handlers.security.SSLInformationAssociationHandler.handleRequest(SSLInformationAssociationHandler.java:132)
	at io.undertow.servlet.handlers.security.ServletAuthenticationCallHandler.handleRequest(ServletAuthenticationCallHandler.java:57)
	at io.undertow.server.handlers.PredicateHandler.handleRequest(PredicateHandler.java:43)
	at io.undertow.security.handlers.AbstractConfidentialityHandler.handleRequest(AbstractConfidentialityHandler.java:46)
	at io.undertow.servlet.handlers.security.ServletConfidentialityConstraintHandler.handleRequest(ServletConfidentialityConstraintHandler.java:64)
	at io.undertow.security.handlers.AuthenticationMechanismsHandler.handleRequest(AuthenticationMechanismsHandler.java:60)
	at io.undertow.servlet.handlers.security.CachedAuthenticatedSessionHandler.handleRequest(CachedAuthenticatedSessionHandler.java:77)
	at io.undertow.security.handlers.AbstractSecurityContextAssociationHandler.handleRequest(AbstractSecurityContextAssociationHandler.java:43)
	at io.undertow.server.handlers.PredicateHandler.handleRequest(PredicateHandler.java:43)
	at io.undertow.server.handlers.PredicateHandler.handleRequest(PredicateHandler.java:43)
	at io.undertow.servlet.handlers.ServletInitialHandler.handleFirstRequest(ServletInitialHandler.java:292)
	at io.undertow.servlet.handlers.ServletInitialHandler.access$100(ServletInitialHandler.java:81)
	at io.undertow.servlet.handlers.ServletInitialHandler$2.call(ServletInitialHandler.java:138)
	at io.undertow.servlet.handlers.ServletInitialHandler$2.call(ServletInitialHandler.java:135)
	at io.undertow.servlet.core.ServletRequestContextThreadSetupAction$1.call(ServletRequestContextThreadSetupAction.java:48)
	at io.undertow.servlet.core.ContextClassLoaderSetupAction$1.call(ContextClassLoaderSetupAction.java:43)
	at io.undertow.servlet.handlers.ServletInitialHandler.dispatchRequest(ServletInitialHandler.java:272)
	at io.undertow.servlet.handlers.ServletInitialHandler.access$000(ServletInitialHandler.java:81)
	at io.undertow.servlet.handlers.ServletInitialHandler$1.handleRequest(ServletInitialHandler.java:104)
	at io.undertow.server.Connectors.executeRootHandler(Connectors.java:360)
	at io.undertow.server.HttpServerExchange$1.run(HttpServerExchange.java:830)
	at java.util.concurrent.ThreadPoolExecutor.runWorker(Unknown Source)
	at java.util.concurrent.ThreadPoolExecutor$Worker.run(Unknown Source)
	at java.lang.Thread.run(Unknown Source)

2019-07-24 00:17:53
[ERROR]-[Thread: XNIO-1 task-11]-[com.jfinal.core.ActionHandler.handle()]: /admin/groupInsurance/saveEmployerPersonBtn?hiddenOrderIdForImport=135
com.jfinal.plugin.activerecord.ActiveRecordException: com.alibaba.druid.pool.DataSourceClosedException: dataSource already closed at Wed Jul 24 00:17:46 GMT+08:00 2019
	at com.jfinal.plugin.activerecord.Model.find(Model.java:662)
	at com.jfinal.plugin.activerecord.Model.findFirst(Model.java:682)
	at com.crm.service.group.impl.GroupInsuranceOrderServiceImpl.findById(GroupInsuranceOrderServiceImpl.java:132)
	at com.crm.service.group.impl.GroupInsuranceOrderServiceImpl$$EnhancerByCGLIB$$9a7ca4c1.CGLIB$findById$4(<generated>)
	at com.crm.service.group.impl.GroupInsuranceOrderServiceImpl$$EnhancerByCGLIB$$9a7ca4c1$$FastClassByCGLIB$$f47e3010.invoke(<generated>)
	at net.sf.cglib.proxy.MethodProxy.invokeSuper(MethodProxy.java:228)
	at com.jfinal.aop.Invocation.invoke(Invocation.java:84)
	at com.jfinal.aop.Callback.intercept(Callback.java:96)
	at com.crm.service.group.impl.GroupInsuranceOrderServiceImpl$$EnhancerByCGLIB$$9a7ca4c1.findById(<generated>)
	at com.crm.service.system.impl.EmailServiceImpl.sendChangePersonEmail(EmailServiceImpl.java:47)
	at com.crm.service.system.impl.EmailServiceImpl$$EnhancerByCGLIB$$6ed2c1b2.CGLIB$sendChangePersonEmail$0(<generated>)
	at com.crm.service.system.impl.EmailServiceImpl$$EnhancerByCGLIB$$6ed2c1b2$$FastClassByCGLIB$$83f1e763.invoke(<generated>)
	at net.sf.cglib.proxy.MethodProxy.invokeSuper(MethodProxy.java:228)
	at com.jfinal.aop.Invocation.invoke(Invocation.java:84)
	at com.jfinal.aop.Callback.intercept(Callback.java:96)
	at com.crm.service.system.impl.EmailServiceImpl$$EnhancerByCGLIB$$6ed2c1b2.sendChangePersonEmail(<generated>)
	at com.crm.controller.admin.group.GroupInsuranceController.saveEmployerPersonBtn(GroupInsuranceController.java:2682)
	at sun.reflect.NativeMethodAccessorImpl.invoke0(Native Method)
	at sun.reflect.NativeMethodAccessorImpl.invoke(Unknown Source)
	at sun.reflect.DelegatingMethodAccessorImpl.invoke(Unknown Source)
	at java.lang.reflect.Method.invoke(Unknown Source)
	at com.jfinal.aop.Invocation.invoke(Invocation.java:75)
	at com.crm.interceptor.EchacheInterceptor.intercept(EchacheInterceptor.java:27)
	at com.jfinal.aop.Invocation.invoke(Invocation.java:69)
	at com.crm.interceptor.AdminAuthInterceptor.intercept(AdminAuthInterceptor.java:20)
	at com.jfinal.aop.Invocation.invoke(Invocation.java:69)
	at com.crm.interceptor.AdminLoginSessionInterceptor.intercept(AdminLoginSessionInterceptor.java:62)
	at com.jfinal.aop.Invocation.invoke(Invocation.java:69)
	at com.crm.interceptor.EchacheInterceptor.intercept(EchacheInterceptor.java:27)
	at com.jfinal.aop.Invocation.invoke(Invocation.java:69)
	at com.jfinal.core.ActionHandler.handle(ActionHandler.java:81)
	at com.jfinal.core.JFinalFilter.doFilter(JFinalFilter.java:86)
	at io.undertow.servlet.core.ManagedFilter.doFilter(ManagedFilter.java:61)
	at io.undertow.servlet.handlers.FilterHandler$FilterChainImpl.doFilter(FilterHandler.java:131)
	at io.undertow.servlet.handlers.FilterHandler.handleRequest(FilterHandler.java:84)
	at io.undertow.servlet.handlers.security.ServletSecurityRoleHandler.handleRequest(ServletSecurityRoleHandler.java:62)
	at io.undertow.servlet.handlers.ServletChain$1.handleRequest(ServletChain.java:68)
	at io.undertow.servlet.handlers.ServletDispatchingHandler.handleRequest(ServletDispatchingHandler.java:36)
	at io.undertow.servlet.handlers.security.SSLInformationAssociationHandler.handleRequest(SSLInformationAssociationHandler.java:132)
	at io.undertow.servlet.handlers.security.ServletAuthenticationCallHandler.handleRequest(ServletAuthenticationCallHandler.java:57)
	at io.undertow.server.handlers.PredicateHandler.handleRequest(PredicateHandler.java:43)
	at io.undertow.security.handlers.AbstractConfidentialityHandler.handleRequest(AbstractConfidentialityHandler.java:46)
	at io.undertow.servlet.handlers.security.ServletConfidentialityConstraintHandler.handleRequest(ServletConfidentialityConstraintHandler.java:64)
	at io.undertow.security.handlers.AuthenticationMechanismsHandler.handleRequest(AuthenticationMechanismsHandler.java:60)
	at io.undertow.servlet.handlers.security.CachedAuthenticatedSessionHandler.handleRequest(CachedAuthenticatedSessionHandler.java:77)
	at io.undertow.security.handlers.AbstractSecurityContextAssociationHandler.handleRequest(AbstractSecurityContextAssociationHandler.java:43)
	at io.undertow.server.handlers.PredicateHandler.handleRequest(PredicateHandler.java:43)
	at io.undertow.server.handlers.PredicateHandler.handleRequest(PredicateHandler.java:43)
	at io.undertow.servlet.handlers.ServletInitialHandler.handleFirstRequest(ServletInitialHandler.java:292)
	at io.undertow.servlet.handlers.ServletInitialHandler.access$100(ServletInitialHandler.java:81)
	at io.undertow.servlet.handlers.ServletInitialHandler$2.call(ServletInitialHandler.java:138)
	at io.undertow.servlet.handlers.ServletInitialHandler$2.call(ServletInitialHandler.java:135)
	at io.undertow.servlet.core.ServletRequestContextThreadSetupAction$1.call(ServletRequestContextThreadSetupAction.java:48)
	at io.undertow.servlet.core.ContextClassLoaderSetupAction$1.call(ContextClassLoaderSetupAction.java:43)
	at io.undertow.servlet.handlers.ServletInitialHandler.dispatchRequest(ServletInitialHandler.java:272)
	at io.undertow.servlet.handlers.ServletInitialHandler.access$000(ServletInitialHandler.java:81)
	at io.undertow.servlet.handlers.ServletInitialHandler$1.handleRequest(ServletInitialHandler.java:104)
	at io.undertow.server.Connectors.executeRootHandler(Connectors.java:360)
	at io.undertow.server.HttpServerExchange$1.run(HttpServerExchange.java:830)
	at java.util.concurrent.ThreadPoolExecutor.runWorker(Unknown Source)
	at java.util.concurrent.ThreadPoolExecutor$Worker.run(Unknown Source)
	at java.lang.Thread.run(Unknown Source)
Caused by: com.alibaba.druid.pool.DataSourceClosedException: dataSource already closed at Wed Jul 24 00:17:46 GMT+08:00 2019
	at com.alibaba.druid.pool.DruidDataSource.getConnectionInternal(DruidDataSource.java:1358)
	at com.alibaba.druid.pool.DruidDataSource.getConnectionDirect(DruidDataSource.java:1255)
	at com.alibaba.druid.filter.FilterChainImpl.dataSource_connect(FilterChainImpl.java:5007)
	at com.alibaba.druid.filter.stat.StatFilter.dataSource_getConnection(StatFilter.java:680)
	at com.alibaba.druid.filter.FilterChainImpl.dataSource_connect(FilterChainImpl.java:5003)
	at com.alibaba.druid.filter.FilterAdapter.dataSource_getConnection(FilterAdapter.java:2745)
	at com.alibaba.druid.filter.FilterChainImpl.dataSource_connect(FilterChainImpl.java:5003)
	at com.alibaba.druid.pool.DruidDataSource.getConnection(DruidDataSource.java:1233)
	at com.alibaba.druid.pool.DruidDataSource.getConnection(DruidDataSource.java:1225)
	at com.alibaba.druid.pool.DruidDataSource.getConnection(DruidDataSource.java:90)
	at com.jfinal.plugin.activerecord.Config.getConnection(Config.java:203)
	at com.jfinal.plugin.activerecord.Model.find(Model.java:659)
	... 61 more

2019-07-24 00:18:01
[WARN]-[Thread: XNIO-2 task-1]-[com.jfinal.plugin.ehcache.CacheKit.getOrAddCache()]: Could not find cache config [setting], using default.

2019-07-24 00:18:02
[WARN]-[Thread: XNIO-2 task-1]-[com.jfinal.plugin.ehcache.CacheKit.getOrAddCache()]: Could not find cache config [loginAdmin], using default.

2019-07-24 00:18:06
[ERROR]-[Thread: XNIO-2 task-1]-[com.jfinal.core.ActionHandler.handle()]: /admin/groupInsurance/saveEmployerPersonBtn?hiddenOrderIdForImport=135
com.jfinal.template.TemplateException: Unsupported operation type: java.math.BigDecimal + null
Template: "/mail/protection.html". Line: 123
	at com.jfinal.template.expr.ast.Arith.doEval(Arith.java:96)
	at com.jfinal.template.expr.ast.Arith.eval(Arith.java:56)
	at com.jfinal.template.stat.ast.Output.exec(Output.java:49)
	at com.jfinal.template.stat.ast.StatList.exec(StatList.java:68)
	at com.jfinal.template.stat.ast.For.forIterator(For.java:74)
	at com.jfinal.template.stat.ast.For.exec(For.java:53)
	at com.jfinal.template.stat.ast.StatList.exec(StatList.java:68)
	at com.jfinal.template.Template.render(Template.java:79)
	at com.jfinal.template.Template.renderToString(Template.java:99)
	at com.crm.service.system.impl.EmailServiceImpl.sendChangePersonEmail(EmailServiceImpl.java:85)
	at com.crm.service.system.impl.EmailServiceImpl$$EnhancerByCGLIB$$6ed2c1b2.CGLIB$sendChangePersonEmail$0(<generated>)
	at com.crm.service.system.impl.EmailServiceImpl$$EnhancerByCGLIB$$6ed2c1b2$$FastClassByCGLIB$$83f1e763.invoke(<generated>)
	at net.sf.cglib.proxy.MethodProxy.invokeSuper(MethodProxy.java:228)
	at com.jfinal.aop.Invocation.invoke(Invocation.java:84)
	at com.jfinal.aop.Callback.intercept(Callback.java:96)
	at com.crm.service.system.impl.EmailServiceImpl$$EnhancerByCGLIB$$6ed2c1b2.sendChangePersonEmail(<generated>)
	at com.crm.controller.admin.group.GroupInsuranceController.saveEmployerPersonBtn(GroupInsuranceController.java:2682)
	at sun.reflect.NativeMethodAccessorImpl.invoke0(Native Method)
	at sun.reflect.NativeMethodAccessorImpl.invoke(Unknown Source)
	at sun.reflect.DelegatingMethodAccessorImpl.invoke(Unknown Source)
	at java.lang.reflect.Method.invoke(Unknown Source)
	at com.jfinal.aop.Invocation.invoke(Invocation.java:75)
	at com.crm.interceptor.EchacheInterceptor.intercept(EchacheInterceptor.java:27)
	at com.jfinal.aop.Invocation.invoke(Invocation.java:69)
	at com.crm.interceptor.AdminAuthInterceptor.intercept(AdminAuthInterceptor.java:20)
	at com.jfinal.aop.Invocation.invoke(Invocation.java:69)
	at com.crm.interceptor.AdminLoginSessionInterceptor.intercept(AdminLoginSessionInterceptor.java:62)
	at com.jfinal.aop.Invocation.invoke(Invocation.java:69)
	at com.crm.interceptor.EchacheInterceptor.intercept(EchacheInterceptor.java:27)
	at com.jfinal.aop.Invocation.invoke(Invocation.java:69)
	at com.jfinal.core.ActionHandler.handle(ActionHandler.java:81)
	at com.jfinal.core.JFinalFilter.doFilter(JFinalFilter.java:86)
	at io.undertow.servlet.core.ManagedFilter.doFilter(ManagedFilter.java:61)
	at io.undertow.servlet.handlers.FilterHandler$FilterChainImpl.doFilter(FilterHandler.java:131)
	at io.undertow.servlet.handlers.FilterHandler.handleRequest(FilterHandler.java:84)
	at io.undertow.servlet.handlers.security.ServletSecurityRoleHandler.handleRequest(ServletSecurityRoleHandler.java:62)
	at io.undertow.servlet.handlers.ServletChain$1.handleRequest(ServletChain.java:68)
	at io.undertow.servlet.handlers.ServletDispatchingHandler.handleRequest(ServletDispatchingHandler.java:36)
	at io.undertow.servlet.handlers.security.SSLInformationAssociationHandler.handleRequest(SSLInformationAssociationHandler.java:132)
	at io.undertow.servlet.handlers.security.ServletAuthenticationCallHandler.handleRequest(ServletAuthenticationCallHandler.java:57)
	at io.undertow.server.handlers.PredicateHandler.handleRequest(PredicateHandler.java:43)
	at io.undertow.security.handlers.AbstractConfidentialityHandler.handleRequest(AbstractConfidentialityHandler.java:46)
	at io.undertow.servlet.handlers.security.ServletConfidentialityConstraintHandler.handleRequest(ServletConfidentialityConstraintHandler.java:64)
	at io.undertow.security.handlers.AuthenticationMechanismsHandler.handleRequest(AuthenticationMechanismsHandler.java:60)
	at io.undertow.servlet.handlers.security.CachedAuthenticatedSessionHandler.handleRequest(CachedAuthenticatedSessionHandler.java:77)
	at io.undertow.security.handlers.AbstractSecurityContextAssociationHandler.handleRequest(AbstractSecurityContextAssociationHandler.java:43)
	at io.undertow.server.handlers.PredicateHandler.handleRequest(PredicateHandler.java:43)
	at io.undertow.server.handlers.PredicateHandler.handleRequest(PredicateHandler.java:43)
	at io.undertow.servlet.handlers.ServletInitialHandler.handleFirstRequest(ServletInitialHandler.java:292)
	at io.undertow.servlet.handlers.ServletInitialHandler.access$100(ServletInitialHandler.java:81)
	at io.undertow.servlet.handlers.ServletInitialHandler$2.call(ServletInitialHandler.java:138)
	at io.undertow.servlet.handlers.ServletInitialHandler$2.call(ServletInitialHandler.java:135)
	at io.undertow.servlet.core.ServletRequestContextThreadSetupAction$1.call(ServletRequestContextThreadSetupAction.java:48)
	at io.undertow.servlet.core.ContextClassLoaderSetupAction$1.call(ContextClassLoaderSetupAction.java:43)
	at io.undertow.servlet.handlers.ServletInitialHandler.dispatchRequest(ServletInitialHandler.java:272)
	at io.undertow.servlet.handlers.ServletInitialHandler.access$000(ServletInitialHandler.java:81)
	at io.undertow.servlet.handlers.ServletInitialHandler$1.handleRequest(ServletInitialHandler.java:104)
	at io.undertow.server.Connectors.executeRootHandler(Connectors.java:360)
	at io.undertow.server.HttpServerExchange$1.run(HttpServerExchange.java:830)
	at java.util.concurrent.ThreadPoolExecutor.runWorker(Unknown Source)
	at java.util.concurrent.ThreadPoolExecutor$Worker.run(Unknown Source)
	at java.lang.Thread.run(Unknown Source)

2019-07-24 00:18:37
[WARN]-[Thread: XNIO-3 task-1]-[com.jfinal.plugin.ehcache.CacheKit.getOrAddCache()]: Could not find cache config [setting], using default.

2019-07-24 00:18:37
[WARN]-[Thread: XNIO-3 task-1]-[com.jfinal.plugin.ehcache.CacheKit.getOrAddCache()]: Could not find cache config [loginAdmin], using default.

2019-07-24 00:25:50
[WARN]-[Thread: XNIO-1 task-1]-[com.jfinal.plugin.ehcache.CacheKit.getOrAddCache()]: Could not find cache config [setting], using default.

2019-07-24 00:25:50
[WARN]-[Thread: XNIO-1 task-1]-[com.jfinal.plugin.ehcache.CacheKit.getOrAddCache()]: Could not find cache config [loginAdmin], using default.

2019-07-24 00:27:55
[WARN]-[Thread: XNIO-1 task-1]-[com.jfinal.plugin.ehcache.CacheKit.getOrAddCache()]: Could not find cache config [setting], using default.

2019-07-24 00:27:55
[WARN]-[Thread: XNIO-1 task-1]-[com.jfinal.plugin.ehcache.CacheKit.getOrAddCache()]: Could not find cache config [loginAdmin], using default.

2019-07-24 00:28:55
[ERROR]-[Thread: XNIO-1 task-12]-[com.jfinal.core.ActionHandler.handle()]: /admin/groupInsurance/exportChangePersonBtn
com.jfinal.plugin.activerecord.ActiveRecordException: com.alibaba.druid.pool.DataSourceClosedException: dataSource already closed at Wed Jul 24 00:28:39 GMT+08:00 2019
	at com.jfinal.plugin.activerecord.Model.find(Model.java:662)
	at com.jfinal.plugin.activerecord.Model.findFirst(Model.java:682)
	at com.crm.service.group.impl.GroupInsuranceGuaranteeServiceImpl.findByOrderIdAndPlan(GroupInsuranceGuaranteeServiceImpl.java:34)
	at com.crm.service.group.impl.GroupInsuranceGuaranteeServiceImpl$$EnhancerByCGLIB$$583c3043.CGLIB$findByOrderIdAndPlan$2(<generated>)
	at com.crm.service.group.impl.GroupInsuranceGuaranteeServiceImpl$$EnhancerByCGLIB$$583c3043$$FastClassByCGLIB$$69949ca4.invoke(<generated>)
	at net.sf.cglib.proxy.MethodProxy.invokeSuper(MethodProxy.java:228)
	at com.jfinal.aop.Invocation.invoke(Invocation.java:84)
	at com.jfinal.aop.Callback.intercept(Callback.java:96)
	at com.crm.service.group.impl.GroupInsuranceGuaranteeServiceImpl$$EnhancerByCGLIB$$583c3043.findByOrderIdAndPlan(<generated>)
	at com.crm.controller.admin.group.GroupInsuranceController.exportChangePersonBtn(GroupInsuranceController.java:1959)
	at sun.reflect.NativeMethodAccessorImpl.invoke0(Native Method)
	at sun.reflect.NativeMethodAccessorImpl.invoke(Unknown Source)
	at sun.reflect.DelegatingMethodAccessorImpl.invoke(Unknown Source)
	at java.lang.reflect.Method.invoke(Unknown Source)
	at com.jfinal.aop.Invocation.invoke(Invocation.java:75)
	at com.crm.interceptor.EchacheInterceptor.intercept(EchacheInterceptor.java:27)
	at com.jfinal.aop.Invocation.invoke(Invocation.java:69)
	at com.crm.interceptor.AdminAuthInterceptor.intercept(AdminAuthInterceptor.java:20)
	at com.jfinal.aop.Invocation.invoke(Invocation.java:69)
	at com.crm.interceptor.AdminLoginSessionInterceptor.intercept(AdminLoginSessionInterceptor.java:62)
	at com.jfinal.aop.Invocation.invoke(Invocation.java:69)
	at com.crm.interceptor.EchacheInterceptor.intercept(EchacheInterceptor.java:27)
	at com.jfinal.aop.Invocation.invoke(Invocation.java:69)
	at com.jfinal.core.ActionHandler.handle(ActionHandler.java:81)
	at com.jfinal.core.JFinalFilter.doFilter(JFinalFilter.java:86)
	at io.undertow.servlet.core.ManagedFilter.doFilter(ManagedFilter.java:61)
	at io.undertow.servlet.handlers.FilterHandler$FilterChainImpl.doFilter(FilterHandler.java:131)
	at io.undertow.servlet.handlers.FilterHandler.handleRequest(FilterHandler.java:84)
	at io.undertow.servlet.handlers.security.ServletSecurityRoleHandler.handleRequest(ServletSecurityRoleHandler.java:62)
	at io.undertow.servlet.handlers.ServletChain$1.handleRequest(ServletChain.java:68)
	at io.undertow.servlet.handlers.ServletDispatchingHandler.handleRequest(ServletDispatchingHandler.java:36)
	at io.undertow.servlet.handlers.security.SSLInformationAssociationHandler.handleRequest(SSLInformationAssociationHandler.java:132)
	at io.undertow.servlet.handlers.security.ServletAuthenticationCallHandler.handleRequest(ServletAuthenticationCallHandler.java:57)
	at io.undertow.server.handlers.PredicateHandler.handleRequest(PredicateHandler.java:43)
	at io.undertow.security.handlers.AbstractConfidentialityHandler.handleRequest(AbstractConfidentialityHandler.java:46)
	at io.undertow.servlet.handlers.security.ServletConfidentialityConstraintHandler.handleRequest(ServletConfidentialityConstraintHandler.java:64)
	at io.undertow.security.handlers.AuthenticationMechanismsHandler.handleRequest(AuthenticationMechanismsHandler.java:60)
	at io.undertow.servlet.handlers.security.CachedAuthenticatedSessionHandler.handleRequest(CachedAuthenticatedSessionHandler.java:77)
	at io.undertow.security.handlers.AbstractSecurityContextAssociationHandler.handleRequest(AbstractSecurityContextAssociationHandler.java:43)
	at io.undertow.server.handlers.PredicateHandler.handleRequest(PredicateHandler.java:43)
	at io.undertow.server.handlers.PredicateHandler.handleRequest(PredicateHandler.java:43)
	at io.undertow.servlet.handlers.ServletInitialHandler.handleFirstRequest(ServletInitialHandler.java:292)
	at io.undertow.servlet.handlers.ServletInitialHandler.access$100(ServletInitialHandler.java:81)
	at io.undertow.servlet.handlers.ServletInitialHandler$2.call(ServletInitialHandler.java:138)
	at io.undertow.servlet.handlers.ServletInitialHandler$2.call(ServletInitialHandler.java:135)
	at io.undertow.servlet.core.ServletRequestContextThreadSetupAction$1.call(ServletRequestContextThreadSetupAction.java:48)
	at io.undertow.servlet.core.ContextClassLoaderSetupAction$1.call(ContextClassLoaderSetupAction.java:43)
	at io.undertow.servlet.handlers.ServletInitialHandler.dispatchRequest(ServletInitialHandler.java:272)
	at io.undertow.servlet.handlers.ServletInitialHandler.access$000(ServletInitialHandler.java:81)
	at io.undertow.servlet.handlers.ServletInitialHandler$1.handleRequest(ServletInitialHandler.java:104)
	at io.undertow.server.Connectors.executeRootHandler(Connectors.java:360)
	at io.undertow.server.HttpServerExchange$1.run(HttpServerExchange.java:830)
	at java.util.concurrent.ThreadPoolExecutor.runWorker(Unknown Source)
	at java.util.concurrent.ThreadPoolExecutor$Worker.run(Unknown Source)
	at java.lang.Thread.run(Unknown Source)
Caused by: com.alibaba.druid.pool.DataSourceClosedException: dataSource already closed at Wed Jul 24 00:28:39 GMT+08:00 2019
	at com.alibaba.druid.pool.DruidDataSource.getConnectionInternal(DruidDataSource.java:1358)
	at com.alibaba.druid.pool.DruidDataSource.getConnectionDirect(DruidDataSource.java:1255)
	at com.alibaba.druid.filter.FilterChainImpl.dataSource_connect(FilterChainImpl.java:5007)
	at com.alibaba.druid.filter.stat.StatFilter.dataSource_getConnection(StatFilter.java:680)
	at com.alibaba.druid.filter.FilterChainImpl.dataSource_connect(FilterChainImpl.java:5003)
	at com.alibaba.druid.filter.FilterAdapter.dataSource_getConnection(FilterAdapter.java:2745)
	at com.alibaba.druid.filter.FilterChainImpl.dataSource_connect(FilterChainImpl.java:5003)
	at com.alibaba.druid.pool.DruidDataSource.getConnection(DruidDataSource.java:1233)
	at com.alibaba.druid.pool.DruidDataSource.getConnection(DruidDataSource.java:1225)
	at com.alibaba.druid.pool.DruidDataSource.getConnection(DruidDataSource.java:90)
	at com.jfinal.plugin.activerecord.Config.getConnection(Config.java:203)
	at com.jfinal.plugin.activerecord.Model.find(Model.java:659)
	... 54 more

2019-07-24 00:28:55
[ERROR]-[Thread: XNIO-1 task-12]-[io.undertow.server.HttpServerExchange.endExchange()]: UT005090: Unexpected failure
java.util.concurrent.RejectedExecutionException: XNIO007007: Thread is terminating
	at org.xnio.nio.WorkerThread.execute(WorkerThread.java:590)
	at org.xnio.channels.EmptyStreamSourceChannel.shutdownReads(EmptyStreamSourceChannel.java:184)
	at io.undertow.servlet.spec.ServletInputStreamImpl.close(ServletInputStreamImpl.java:269)
	at io.undertow.servlet.spec.HttpServletRequestImpl.closeAndDrainRequest(HttpServletRequestImpl.java:682)
	at io.undertow.servlet.core.ServletBlockingHttpExchange.close(ServletBlockingHttpExchange.java:89)
	at io.undertow.server.HttpServerExchange.endExchange(HttpServerExchange.java:1624)
	at io.undertow.server.AbstractServerConnection$CloseSetter.handleEvent(AbstractServerConnection.java:316)
	at io.undertow.server.AbstractServerConnection$CloseSetter.handleEvent(AbstractServerConnection.java:296)
	at org.xnio.ChannelListeners.invokeChannelListener(ChannelListeners.java:92)
	at org.xnio.StreamConnection.invokeCloseListener(StreamConnection.java:80)
	at org.xnio.Connection.close(Connection.java:142)
	at io.undertow.server.AbstractServerConnection.close(AbstractServerConnection.java:159)
	at org.xnio.IoUtils.safeClose(IoUtils.java:134)
	at io.undertow.server.protocol.http.HttpResponseConduit.write(HttpResponseConduit.java:649)
	at io.undertow.conduits.ChunkedStreamSinkConduit.doWrite(ChunkedStreamSinkConduit.java:166)
	at io.undertow.conduits.ChunkedStreamSinkConduit.write(ChunkedStreamSinkConduit.java:128)
	at org.xnio.conduits.ConduitStreamSinkChannel.write(ConduitStreamSinkChannel.java:150)
	at io.undertow.channels.DetachableStreamSinkChannel.write(DetachableStreamSinkChannel.java:240)
	at io.undertow.server.HttpServerExchange$WriteDispatchChannel.write(HttpServerExchange.java:2103)
	at io.undertow.servlet.spec.ServletOutputStreamImpl.writeBufferBlocking(ServletOutputStreamImpl.java:574)
	at io.undertow.servlet.spec.ServletOutputStreamImpl.flushInternal(ServletOutputStreamImpl.java:489)
	at io.undertow.servlet.spec.ServletOutputStreamImpl.flush(ServletOutputStreamImpl.java:476)
	at io.undertow.servlet.spec.ServletPrintWriter.flush(ServletPrintWriter.java:72)
	at io.undertow.servlet.spec.ServletPrintWriterDelegate.flush(ServletPrintWriterDelegate.java:76)
	at com.jfinal.render.ErrorRender.render(ErrorRender.java:62)
	at com.jfinal.core.ActionHandler.handle(ActionHandler.java:122)
	at com.jfinal.core.JFinalFilter.doFilter(JFinalFilter.java:86)
	at io.undertow.servlet.core.ManagedFilter.doFilter(ManagedFilter.java:61)
	at io.undertow.servlet.handlers.FilterHandler$FilterChainImpl.doFilter(FilterHandler.java:131)
	at io.undertow.servlet.handlers.FilterHandler.handleRequest(FilterHandler.java:84)
	at io.undertow.servlet.handlers.security.ServletSecurityRoleHandler.handleRequest(ServletSecurityRoleHandler.java:62)
	at io.undertow.servlet.handlers.ServletChain$1.handleRequest(ServletChain.java:68)
	at io.undertow.servlet.handlers.ServletDispatchingHandler.handleRequest(ServletDispatchingHandler.java:36)
	at io.undertow.servlet.handlers.security.SSLInformationAssociationHandler.handleRequest(SSLInformationAssociationHandler.java:132)
	at io.undertow.servlet.handlers.security.ServletAuthenticationCallHandler.handleRequest(ServletAuthenticationCallHandler.java:57)
	at io.undertow.server.handlers.PredicateHandler.handleRequest(PredicateHandler.java:43)
	at io.undertow.security.handlers.AbstractConfidentialityHandler.handleRequest(AbstractConfidentialityHandler.java:46)
	at io.undertow.servlet.handlers.security.ServletConfidentialityConstraintHandler.handleRequest(ServletConfidentialityConstraintHandler.java:64)
	at io.undertow.security.handlers.AuthenticationMechanismsHandler.handleRequest(AuthenticationMechanismsHandler.java:60)
	at io.undertow.servlet.handlers.security.CachedAuthenticatedSessionHandler.handleRequest(CachedAuthenticatedSessionHandler.java:77)
	at io.undertow.security.handlers.AbstractSecurityContextAssociationHandler.handleRequest(AbstractSecurityContextAssociationHandler.java:43)
	at io.undertow.server.handlers.PredicateHandler.handleRequest(PredicateHandler.java:43)
	at io.undertow.server.handlers.PredicateHandler.handleRequest(PredicateHandler.java:43)
	at io.undertow.servlet.handlers.ServletInitialHandler.handleFirstRequest(ServletInitialHandler.java:292)
	at io.undertow.servlet.handlers.ServletInitialHandler.access$100(ServletInitialHandler.java:81)
	at io.undertow.servlet.handlers.ServletInitialHandler$2.call(ServletInitialHandler.java:138)
	at io.undertow.servlet.handlers.ServletInitialHandler$2.call(ServletInitialHandler.java:135)
	at io.undertow.servlet.core.ServletRequestContextThreadSetupAction$1.call(ServletRequestContextThreadSetupAction.java:48)
	at io.undertow.servlet.core.ContextClassLoaderSetupAction$1.call(ContextClassLoaderSetupAction.java:43)
	at io.undertow.servlet.handlers.ServletInitialHandler.dispatchRequest(ServletInitialHandler.java:272)
	at io.undertow.servlet.handlers.ServletInitialHandler.access$000(ServletInitialHandler.java:81)
	at io.undertow.servlet.handlers.ServletInitialHandler$1.handleRequest(ServletInitialHandler.java:104)
	at io.undertow.server.Connectors.executeRootHandler(Connectors.java:360)
	at io.undertow.server.HttpServerExchange$1.run(HttpServerExchange.java:830)
	at java.util.concurrent.ThreadPoolExecutor.runWorker(Unknown Source)
	at java.util.concurrent.ThreadPoolExecutor$Worker.run(Unknown Source)
	at java.lang.Thread.run(Unknown Source)

2019-07-24 00:29:05
[WARN]-[Thread: XNIO-2 task-1]-[com.jfinal.plugin.ehcache.CacheKit.getOrAddCache()]: Could not find cache config [setting], using default.

2019-07-24 00:29:05
[WARN]-[Thread: XNIO-2 task-2]-[com.jfinal.plugin.ehcache.CacheKit.getOrAddCache()]: Could not find cache config [loginAdmin], using default.

2019-07-24 00:29:12
[ERROR]-[Thread: XNIO-2 task-2]-[com.jfinal.core.ActionHandler.handle()]: /admin/groupInsurance/exportChangePersonBtn
java.lang.ClassCastException: java.lang.String cannot be cast to java.util.Date
	at com.jfinal.plugin.activerecord.Model.getDate(Model.java:323)
	at com.crm.controller.admin.group.GroupInsuranceController.exportChangePersonBtn(GroupInsuranceController.java:1976)
	at sun.reflect.NativeMethodAccessorImpl.invoke0(Native Method)
	at sun.reflect.NativeMethodAccessorImpl.invoke(Unknown Source)
	at sun.reflect.DelegatingMethodAccessorImpl.invoke(Unknown Source)
	at java.lang.reflect.Method.invoke(Unknown Source)
	at com.jfinal.aop.Invocation.invoke(Invocation.java:75)
	at com.crm.interceptor.EchacheInterceptor.intercept(EchacheInterceptor.java:27)
	at com.jfinal.aop.Invocation.invoke(Invocation.java:69)
	at com.crm.interceptor.AdminAuthInterceptor.intercept(AdminAuthInterceptor.java:20)
	at com.jfinal.aop.Invocation.invoke(Invocation.java:69)
	at com.crm.interceptor.AdminLoginSessionInterceptor.intercept(AdminLoginSessionInterceptor.java:62)
	at com.jfinal.aop.Invocation.invoke(Invocation.java:69)
	at com.crm.interceptor.EchacheInterceptor.intercept(EchacheInterceptor.java:27)
	at com.jfinal.aop.Invocation.invoke(Invocation.java:69)
	at com.jfinal.core.ActionHandler.handle(ActionHandler.java:81)
	at com.jfinal.core.JFinalFilter.doFilter(JFinalFilter.java:86)
	at io.undertow.servlet.core.ManagedFilter.doFilter(ManagedFilter.java:61)
	at io.undertow.servlet.handlers.FilterHandler$FilterChainImpl.doFilter(FilterHandler.java:131)
	at io.undertow.servlet.handlers.FilterHandler.handleRequest(FilterHandler.java:84)
	at io.undertow.servlet.handlers.security.ServletSecurityRoleHandler.handleRequest(ServletSecurityRoleHandler.java:62)
	at io.undertow.servlet.handlers.ServletChain$1.handleRequest(ServletChain.java:68)
	at io.undertow.servlet.handlers.ServletDispatchingHandler.handleRequest(ServletDispatchingHandler.java:36)
	at io.undertow.servlet.handlers.security.SSLInformationAssociationHandler.handleRequest(SSLInformationAssociationHandler.java:132)
	at io.undertow.servlet.handlers.security.ServletAuthenticationCallHandler.handleRequest(ServletAuthenticationCallHandler.java:57)
	at io.undertow.server.handlers.PredicateHandler.handleRequest(PredicateHandler.java:43)
	at io.undertow.security.handlers.AbstractConfidentialityHandler.handleRequest(AbstractConfidentialityHandler.java:46)
	at io.undertow.servlet.handlers.security.ServletConfidentialityConstraintHandler.handleRequest(ServletConfidentialityConstraintHandler.java:64)
	at io.undertow.security.handlers.AuthenticationMechanismsHandler.handleRequest(AuthenticationMechanismsHandler.java:60)
	at io.undertow.servlet.handlers.security.CachedAuthenticatedSessionHandler.handleRequest(CachedAuthenticatedSessionHandler.java:77)
	at io.undertow.security.handlers.AbstractSecurityContextAssociationHandler.handleRequest(AbstractSecurityContextAssociationHandler.java:43)
	at io.undertow.server.handlers.PredicateHandler.handleRequest(PredicateHandler.java:43)
	at io.undertow.server.handlers.PredicateHandler.handleRequest(PredicateHandler.java:43)
	at io.undertow.servlet.handlers.ServletInitialHandler.handleFirstRequest(ServletInitialHandler.java:292)
	at io.undertow.servlet.handlers.ServletInitialHandler.access$100(ServletInitialHandler.java:81)
	at io.undertow.servlet.handlers.ServletInitialHandler$2.call(ServletInitialHandler.java:138)
	at io.undertow.servlet.handlers.ServletInitialHandler$2.call(ServletInitialHandler.java:135)
	at io.undertow.servlet.core.ServletRequestContextThreadSetupAction$1.call(ServletRequestContextThreadSetupAction.java:48)
	at io.undertow.servlet.core.ContextClassLoaderSetupAction$1.call(ContextClassLoaderSetupAction.java:43)
	at io.undertow.servlet.handlers.ServletInitialHandler.dispatchRequest(ServletInitialHandler.java:272)
	at io.undertow.servlet.handlers.ServletInitialHandler.access$000(ServletInitialHandler.java:81)
	at io.undertow.servlet.handlers.ServletInitialHandler$1.handleRequest(ServletInitialHandler.java:104)
	at io.undertow.server.Connectors.executeRootHandler(Connectors.java:360)
	at io.undertow.server.HttpServerExchange$1.run(HttpServerExchange.java:830)
	at java.util.concurrent.ThreadPoolExecutor.runWorker(Unknown Source)
	at java.util.concurrent.ThreadPoolExecutor$Worker.run(Unknown Source)
	at java.lang.Thread.run(Unknown Source)

2019-07-24 00:29:43
[WARN]-[Thread: XNIO-3 task-1]-[com.jfinal.plugin.ehcache.CacheKit.getOrAddCache()]: Could not find cache config [setting], using default.

2019-07-24 00:29:43
[WARN]-[Thread: XNIO-3 task-2]-[com.jfinal.plugin.ehcache.CacheKit.getOrAddCache()]: Could not find cache config [loginAdmin], using default.

2019-07-24 00:33:04
[WARN]-[Thread: XNIO-5 task-1]-[com.jfinal.plugin.ehcache.CacheKit.getOrAddCache()]: Could not find cache config [setting], using default.

2019-07-24 00:33:05
[WARN]-[Thread: XNIO-5 task-1]-[com.jfinal.plugin.ehcache.CacheKit.getOrAddCache()]: Could not find cache config [loginAdmin], using default.

2019-07-24 00:35:24
[ERROR]-[Thread: XNIO-5 task-20]-[com.jfinal.core.ActionHandler.handle()]: /admin/groupInsurance/saveChangePersonBtnn?hiddenOrderIdForImport=130
java.lang.NullPointerException
	at com.crm.service.system.impl.EmailServiceImpl.sendChangePersonEmail(EmailServiceImpl.java:149)
	at com.crm.service.system.impl.EmailServiceImpl$$EnhancerByCGLIB$$6ed2c1b2.CGLIB$sendChangePersonEmail$0(<generated>)
	at com.crm.service.system.impl.EmailServiceImpl$$EnhancerByCGLIB$$6ed2c1b2$$FastClassByCGLIB$$83f1e763.invoke(<generated>)
	at net.sf.cglib.proxy.MethodProxy.invokeSuper(MethodProxy.java:228)
	at com.jfinal.aop.Invocation.invoke(Invocation.java:84)
	at com.jfinal.aop.Callback.intercept(Callback.java:96)
	at com.crm.service.system.impl.EmailServiceImpl$$EnhancerByCGLIB$$6ed2c1b2.sendChangePersonEmail(<generated>)
	at com.crm.controller.admin.group.GroupInsuranceController.saveChangePersonBtnn(GroupInsuranceController.java:2133)
	at sun.reflect.NativeMethodAccessorImpl.invoke0(Native Method)
	at sun.reflect.NativeMethodAccessorImpl.invoke(Unknown Source)
	at sun.reflect.DelegatingMethodAccessorImpl.invoke(Unknown Source)
	at java.lang.reflect.Method.invoke(Unknown Source)
	at com.jfinal.aop.Invocation.invoke(Invocation.java:75)
	at com.crm.interceptor.EchacheInterceptor.intercept(EchacheInterceptor.java:27)
	at com.jfinal.aop.Invocation.invoke(Invocation.java:69)
	at com.crm.interceptor.AdminAuthInterceptor.intercept(AdminAuthInterceptor.java:20)
	at com.jfinal.aop.Invocation.invoke(Invocation.java:69)
	at com.crm.interceptor.AdminLoginSessionInterceptor.intercept(AdminLoginSessionInterceptor.java:62)
	at com.jfinal.aop.Invocation.invoke(Invocation.java:69)
	at com.crm.interceptor.EchacheInterceptor.intercept(EchacheInterceptor.java:27)
	at com.jfinal.aop.Invocation.invoke(Invocation.java:69)
	at com.jfinal.core.ActionHandler.handle(ActionHandler.java:81)
	at com.jfinal.core.JFinalFilter.doFilter(JFinalFilter.java:86)
	at io.undertow.servlet.core.ManagedFilter.doFilter(ManagedFilter.java:61)
	at io.undertow.servlet.handlers.FilterHandler$FilterChainImpl.doFilter(FilterHandler.java:131)
	at io.undertow.servlet.handlers.FilterHandler.handleRequest(FilterHandler.java:84)
	at io.undertow.servlet.handlers.security.ServletSecurityRoleHandler.handleRequest(ServletSecurityRoleHandler.java:62)
	at io.undertow.servlet.handlers.ServletChain$1.handleRequest(ServletChain.java:68)
	at io.undertow.servlet.handlers.ServletDispatchingHandler.handleRequest(ServletDispatchingHandler.java:36)
	at io.undertow.servlet.handlers.security.SSLInformationAssociationHandler.handleRequest(SSLInformationAssociationHandler.java:132)
	at io.undertow.servlet.handlers.security.ServletAuthenticationCallHandler.handleRequest(ServletAuthenticationCallHandler.java:57)
	at io.undertow.server.handlers.PredicateHandler.handleRequest(PredicateHandler.java:43)
	at io.undertow.security.handlers.AbstractConfidentialityHandler.handleRequest(AbstractConfidentialityHandler.java:46)
	at io.undertow.servlet.handlers.security.ServletConfidentialityConstraintHandler.handleRequest(ServletConfidentialityConstraintHandler.java:64)
	at io.undertow.security.handlers.AuthenticationMechanismsHandler.handleRequest(AuthenticationMechanismsHandler.java:60)
	at io.undertow.servlet.handlers.security.CachedAuthenticatedSessionHandler.handleRequest(CachedAuthenticatedSessionHandler.java:77)
	at io.undertow.security.handlers.AbstractSecurityContextAssociationHandler.handleRequest(AbstractSecurityContextAssociationHandler.java:43)
	at io.undertow.server.handlers.PredicateHandler.handleRequest(PredicateHandler.java:43)
	at io.undertow.server.handlers.PredicateHandler.handleRequest(PredicateHandler.java:43)
	at io.undertow.servlet.handlers.ServletInitialHandler.handleFirstRequest(ServletInitialHandler.java:292)
	at io.undertow.servlet.handlers.ServletInitialHandler.access$100(ServletInitialHandler.java:81)
	at io.undertow.servlet.handlers.ServletInitialHandler$2.call(ServletInitialHandler.java:138)
	at io.undertow.servlet.handlers.ServletInitialHandler$2.call(ServletInitialHandler.java:135)
	at io.undertow.servlet.core.ServletRequestContextThreadSetupAction$1.call(ServletRequestContextThreadSetupAction.java:48)
	at io.undertow.servlet.core.ContextClassLoaderSetupAction$1.call(ContextClassLoaderSetupAction.java:43)
	at io.undertow.servlet.handlers.ServletInitialHandler.dispatchRequest(ServletInitialHandler.java:272)
	at io.undertow.servlet.handlers.ServletInitialHandler.access$000(ServletInitialHandler.java:81)
	at io.undertow.servlet.handlers.ServletInitialHandler$1.handleRequest(ServletInitialHandler.java:104)
	at io.undertow.server.Connectors.executeRootHandler(Connectors.java:360)
	at io.undertow.server.HttpServerExchange$1.run(HttpServerExchange.java:830)
	at java.util.concurrent.ThreadPoolExecutor.runWorker(Unknown Source)
	at java.util.concurrent.ThreadPoolExecutor$Worker.run(Unknown Source)
	at java.lang.Thread.run(Unknown Source)

2019-07-24 00:38:08
[ERROR]-[Thread: XNIO-5 task-22]-[com.jfinal.core.ActionHandler.handle()]: /admin/groupInsurance/saveChangePersonBtnn?hiddenOrderIdForImport=130
com.jfinal.plugin.activerecord.ActiveRecordException: com.alibaba.druid.pool.DataSourceClosedException: dataSource already closed at Wed Jul 24 00:38:03 GMT+08:00 2019
	at com.jfinal.plugin.activerecord.Model.find(Model.java:662)
	at com.jfinal.plugin.activerecord.Model.findByIdLoadColumns(Model.java:746)
	at com.jfinal.plugin.activerecord.Model.findById(Model.java:703)
	at com.crm.controller.admin.group.GroupInsuranceController.saveChangePersonBtnn(GroupInsuranceController.java:2099)
	at sun.reflect.NativeMethodAccessorImpl.invoke0(Native Method)
	at sun.reflect.NativeMethodAccessorImpl.invoke(Unknown Source)
	at sun.reflect.DelegatingMethodAccessorImpl.invoke(Unknown Source)
	at java.lang.reflect.Method.invoke(Unknown Source)
	at com.jfinal.aop.Invocation.invoke(Invocation.java:75)
	at com.crm.interceptor.EchacheInterceptor.intercept(EchacheInterceptor.java:27)
	at com.jfinal.aop.Invocation.invoke(Invocation.java:69)
	at com.crm.interceptor.AdminAuthInterceptor.intercept(AdminAuthInterceptor.java:20)
	at com.jfinal.aop.Invocation.invoke(Invocation.java:69)
	at com.crm.interceptor.AdminLoginSessionInterceptor.intercept(AdminLoginSessionInterceptor.java:62)
	at com.jfinal.aop.Invocation.invoke(Invocation.java:69)
	at com.crm.interceptor.EchacheInterceptor.intercept(EchacheInterceptor.java:27)
	at com.jfinal.aop.Invocation.invoke(Invocation.java:69)
	at com.jfinal.core.ActionHandler.handle(ActionHandler.java:81)
	at com.jfinal.core.JFinalFilter.doFilter(JFinalFilter.java:86)
	at io.undertow.servlet.core.ManagedFilter.doFilter(ManagedFilter.java:61)
	at io.undertow.servlet.handlers.FilterHandler$FilterChainImpl.doFilter(FilterHandler.java:131)
	at io.undertow.servlet.handlers.FilterHandler.handleRequest(FilterHandler.java:84)
	at io.undertow.servlet.handlers.security.ServletSecurityRoleHandler.handleRequest(ServletSecurityRoleHandler.java:62)
	at io.undertow.servlet.handlers.ServletChain$1.handleRequest(ServletChain.java:68)
	at io.undertow.servlet.handlers.ServletDispatchingHandler.handleRequest(ServletDispatchingHandler.java:36)
	at io.undertow.servlet.handlers.security.SSLInformationAssociationHandler.handleRequest(SSLInformationAssociationHandler.java:132)
	at io.undertow.servlet.handlers.security.ServletAuthenticationCallHandler.handleRequest(ServletAuthenticationCallHandler.java:57)
	at io.undertow.server.handlers.PredicateHandler.handleRequest(PredicateHandler.java:43)
	at io.undertow.security.handlers.AbstractConfidentialityHandler.handleRequest(AbstractConfidentialityHandler.java:46)
	at io.undertow.servlet.handlers.security.ServletConfidentialityConstraintHandler.handleRequest(ServletConfidentialityConstraintHandler.java:64)
	at io.undertow.security.handlers.AuthenticationMechanismsHandler.handleRequest(AuthenticationMechanismsHandler.java:60)
	at io.undertow.servlet.handlers.security.CachedAuthenticatedSessionHandler.handleRequest(CachedAuthenticatedSessionHandler.java:77)
	at io.undertow.security.handlers.AbstractSecurityContextAssociationHandler.handleRequest(AbstractSecurityContextAssociationHandler.java:43)
	at io.undertow.server.handlers.PredicateHandler.handleRequest(PredicateHandler.java:43)
	at io.undertow.server.handlers.PredicateHandler.handleRequest(PredicateHandler.java:43)
	at io.undertow.servlet.handlers.ServletInitialHandler.handleFirstRequest(ServletInitialHandler.java:292)
	at io.undertow.servlet.handlers.ServletInitialHandler.access$100(ServletInitialHandler.java:81)
	at io.undertow.servlet.handlers.ServletInitialHandler$2.call(ServletInitialHandler.java:138)
	at io.undertow.servlet.handlers.ServletInitialHandler$2.call(ServletInitialHandler.java:135)
	at io.undertow.servlet.core.ServletRequestContextThreadSetupAction$1.call(ServletRequestContextThreadSetupAction.java:48)
	at io.undertow.servlet.core.ContextClassLoaderSetupAction$1.call(ContextClassLoaderSetupAction.java:43)
	at io.undertow.servlet.handlers.ServletInitialHandler.dispatchRequest(ServletInitialHandler.java:272)
	at io.undertow.servlet.handlers.ServletInitialHandler.access$000(ServletInitialHandler.java:81)
	at io.undertow.servlet.handlers.ServletInitialHandler$1.handleRequest(ServletInitialHandler.java:104)
	at io.undertow.server.Connectors.executeRootHandler(Connectors.java:360)
	at io.undertow.server.HttpServerExchange$1.run(HttpServerExchange.java:830)
	at java.util.concurrent.ThreadPoolExecutor.runWorker(Unknown Source)
	at java.util.concurrent.ThreadPoolExecutor$Worker.run(Unknown Source)
	at java.lang.Thread.run(Unknown Source)
Caused by: com.alibaba.druid.pool.DataSourceClosedException: dataSource already closed at Wed Jul 24 00:38:03 GMT+08:00 2019
	at com.alibaba.druid.pool.DruidDataSource.getConnectionInternal(DruidDataSource.java:1358)
	at com.alibaba.druid.pool.DruidDataSource.getConnectionDirect(DruidDataSource.java:1255)
	at com.alibaba.druid.filter.FilterChainImpl.dataSource_connect(FilterChainImpl.java:5007)
	at com.alibaba.druid.filter.stat.StatFilter.dataSource_getConnection(StatFilter.java:680)
	at com.alibaba.druid.filter.FilterChainImpl.dataSource_connect(FilterChainImpl.java:5003)
	at com.alibaba.druid.filter.FilterAdapter.dataSource_getConnection(FilterAdapter.java:2745)
	at com.alibaba.druid.filter.FilterChainImpl.dataSource_connect(FilterChainImpl.java:5003)
	at com.alibaba.druid.pool.DruidDataSource.getConnection(DruidDataSource.java:1233)
	at com.alibaba.druid.pool.DruidDataSource.getConnection(DruidDataSource.java:1225)
	at com.alibaba.druid.pool.DruidDataSource.getConnection(DruidDataSource.java:90)
	at com.jfinal.plugin.activerecord.Config.getConnection(Config.java:203)
	at com.jfinal.plugin.activerecord.Model.find(Model.java:659)
	... 48 more

2019-07-24 00:38:19
[WARN]-[Thread: XNIO-6 task-1]-[com.jfinal.plugin.ehcache.CacheKit.getOrAddCache()]: Could not find cache config [setting], using default.

2019-07-24 00:38:19
[WARN]-[Thread: XNIO-6 task-1]-[com.jfinal.plugin.ehcache.CacheKit.getOrAddCache()]: Could not find cache config [loginAdmin], using default.

2019-07-24 00:38:20
[ERROR]-[Thread: XNIO-6 task-1]-[com.jfinal.core.ActionHandler.handle()]: /admin/groupInsurance/saveChangePersonBtnn?hiddenOrderIdForImport=130
java.lang.ClassCastException: java.lang.String cannot be cast to java.lang.Number
	at com.jfinal.plugin.activerecord.Model.getLong(Model.java:308)
	at com.crm.controller.admin.group.GroupInsuranceController.saveChangePersonBtnn(GroupInsuranceController.java:2078)
	at sun.reflect.NativeMethodAccessorImpl.invoke0(Native Method)
	at sun.reflect.NativeMethodAccessorImpl.invoke(Unknown Source)
	at sun.reflect.DelegatingMethodAccessorImpl.invoke(Unknown Source)
	at java.lang.reflect.Method.invoke(Unknown Source)
	at com.jfinal.aop.Invocation.invoke(Invocation.java:75)
	at com.crm.interceptor.EchacheInterceptor.intercept(EchacheInterceptor.java:27)
	at com.jfinal.aop.Invocation.invoke(Invocation.java:69)
	at com.crm.interceptor.AdminAuthInterceptor.intercept(AdminAuthInterceptor.java:20)
	at com.jfinal.aop.Invocation.invoke(Invocation.java:69)
	at com.crm.interceptor.AdminLoginSessionInterceptor.intercept(AdminLoginSessionInterceptor.java:62)
	at com.jfinal.aop.Invocation.invoke(Invocation.java:69)
	at com.crm.interceptor.EchacheInterceptor.intercept(EchacheInterceptor.java:27)
	at com.jfinal.aop.Invocation.invoke(Invocation.java:69)
	at com.jfinal.core.ActionHandler.handle(ActionHandler.java:81)
	at com.jfinal.core.JFinalFilter.doFilter(JFinalFilter.java:86)
	at io.undertow.servlet.core.ManagedFilter.doFilter(ManagedFilter.java:61)
	at io.undertow.servlet.handlers.FilterHandler$FilterChainImpl.doFilter(FilterHandler.java:131)
	at io.undertow.servlet.handlers.FilterHandler.handleRequest(FilterHandler.java:84)
	at io.undertow.servlet.handlers.security.ServletSecurityRoleHandler.handleRequest(ServletSecurityRoleHandler.java:62)
	at io.undertow.servlet.handlers.ServletChain$1.handleRequest(ServletChain.java:68)
	at io.undertow.servlet.handlers.ServletDispatchingHandler.handleRequest(ServletDispatchingHandler.java:36)
	at io.undertow.servlet.handlers.security.SSLInformationAssociationHandler.handleRequest(SSLInformationAssociationHandler.java:132)
	at io.undertow.servlet.handlers.security.ServletAuthenticationCallHandler.handleRequest(ServletAuthenticationCallHandler.java:57)
	at io.undertow.server.handlers.PredicateHandler.handleRequest(PredicateHandler.java:43)
	at io.undertow.security.handlers.AbstractConfidentialityHandler.handleRequest(AbstractConfidentialityHandler.java:46)
	at io.undertow.servlet.handlers.security.ServletConfidentialityConstraintHandler.handleRequest(ServletConfidentialityConstraintHandler.java:64)
	at io.undertow.security.handlers.AuthenticationMechanismsHandler.handleRequest(AuthenticationMechanismsHandler.java:60)
	at io.undertow.servlet.handlers.security.CachedAuthenticatedSessionHandler.handleRequest(CachedAuthenticatedSessionHandler.java:77)
	at io.undertow.security.handlers.AbstractSecurityContextAssociationHandler.handleRequest(AbstractSecurityContextAssociationHandler.java:43)
	at io.undertow.server.handlers.PredicateHandler.handleRequest(PredicateHandler.java:43)
	at io.undertow.server.handlers.PredicateHandler.handleRequest(PredicateHandler.java:43)
	at io.undertow.servlet.handlers.ServletInitialHandler.handleFirstRequest(ServletInitialHandler.java:292)
	at io.undertow.servlet.handlers.ServletInitialHandler.access$100(ServletInitialHandler.java:81)
	at io.undertow.servlet.handlers.ServletInitialHandler$2.call(ServletInitialHandler.java:138)
	at io.undertow.servlet.handlers.ServletInitialHandler$2.call(ServletInitialHandler.java:135)
	at io.undertow.servlet.core.ServletRequestContextThreadSetupAction$1.call(ServletRequestContextThreadSetupAction.java:48)
	at io.undertow.servlet.core.ContextClassLoaderSetupAction$1.call(ContextClassLoaderSetupAction.java:43)
	at io.undertow.servlet.handlers.ServletInitialHandler.dispatchRequest(ServletInitialHandler.java:272)
	at io.undertow.servlet.handlers.ServletInitialHandler.access$000(ServletInitialHandler.java:81)
	at io.undertow.servlet.handlers.ServletInitialHandler$1.handleRequest(ServletInitialHandler.java:104)
	at io.undertow.server.Connectors.executeRootHandler(Connectors.java:360)
	at io.undertow.server.HttpServerExchange$1.run(HttpServerExchange.java:830)
	at java.util.concurrent.ThreadPoolExecutor.runWorker(Unknown Source)
	at java.util.concurrent.ThreadPoolExecutor$Worker.run(Unknown Source)
	at java.lang.Thread.run(Unknown Source)

2019-07-24 00:38:26
[ERROR]-[Thread: XNIO-6 task-2]-[com.jfinal.core.ActionHandler.handle()]: /admin/groupInsurance/saveChangePersonBtnn?hiddenOrderIdForImport=130
java.lang.ClassCastException: java.lang.String cannot be cast to java.lang.Number
	at com.jfinal.plugin.activerecord.Model.getLong(Model.java:308)
	at com.crm.controller.admin.group.GroupInsuranceController.saveChangePersonBtnn(GroupInsuranceController.java:2078)
	at sun.reflect.NativeMethodAccessorImpl.invoke0(Native Method)
	at sun.reflect.NativeMethodAccessorImpl.invoke(Unknown Source)
	at sun.reflect.DelegatingMethodAccessorImpl.invoke(Unknown Source)
	at java.lang.reflect.Method.invoke(Unknown Source)
	at com.jfinal.aop.Invocation.invoke(Invocation.java:75)
	at com.crm.interceptor.EchacheInterceptor.intercept(EchacheInterceptor.java:27)
	at com.jfinal.aop.Invocation.invoke(Invocation.java:69)
	at com.crm.interceptor.AdminAuthInterceptor.intercept(AdminAuthInterceptor.java:20)
	at com.jfinal.aop.Invocation.invoke(Invocation.java:69)
	at com.crm.interceptor.AdminLoginSessionInterceptor.intercept(AdminLoginSessionInterceptor.java:62)
	at com.jfinal.aop.Invocation.invoke(Invocation.java:69)
	at com.crm.interceptor.EchacheInterceptor.intercept(EchacheInterceptor.java:27)
	at com.jfinal.aop.Invocation.invoke(Invocation.java:69)
	at com.jfinal.core.ActionHandler.handle(ActionHandler.java:81)
	at com.jfinal.core.JFinalFilter.doFilter(JFinalFilter.java:86)
	at io.undertow.servlet.core.ManagedFilter.doFilter(ManagedFilter.java:61)
	at io.undertow.servlet.handlers.FilterHandler$FilterChainImpl.doFilter(FilterHandler.java:131)
	at io.undertow.servlet.handlers.FilterHandler.handleRequest(FilterHandler.java:84)
	at io.undertow.servlet.handlers.security.ServletSecurityRoleHandler.handleRequest(ServletSecurityRoleHandler.java:62)
	at io.undertow.servlet.handlers.ServletChain$1.handleRequest(ServletChain.java:68)
	at io.undertow.servlet.handlers.ServletDispatchingHandler.handleRequest(ServletDispatchingHandler.java:36)
	at io.undertow.servlet.handlers.security.SSLInformationAssociationHandler.handleRequest(SSLInformationAssociationHandler.java:132)
	at io.undertow.servlet.handlers.security.ServletAuthenticationCallHandler.handleRequest(ServletAuthenticationCallHandler.java:57)
	at io.undertow.server.handlers.PredicateHandler.handleRequest(PredicateHandler.java:43)
	at io.undertow.security.handlers.AbstractConfidentialityHandler.handleRequest(AbstractConfidentialityHandler.java:46)
	at io.undertow.servlet.handlers.security.ServletConfidentialityConstraintHandler.handleRequest(ServletConfidentialityConstraintHandler.java:64)
	at io.undertow.security.handlers.AuthenticationMechanismsHandler.handleRequest(AuthenticationMechanismsHandler.java:60)
	at io.undertow.servlet.handlers.security.CachedAuthenticatedSessionHandler.handleRequest(CachedAuthenticatedSessionHandler.java:77)
	at io.undertow.security.handlers.AbstractSecurityContextAssociationHandler.handleRequest(AbstractSecurityContextAssociationHandler.java:43)
	at io.undertow.server.handlers.PredicateHandler.handleRequest(PredicateHandler.java:43)
	at io.undertow.server.handlers.PredicateHandler.handleRequest(PredicateHandler.java:43)
	at io.undertow.servlet.handlers.ServletInitialHandler.handleFirstRequest(ServletInitialHandler.java:292)
	at io.undertow.servlet.handlers.ServletInitialHandler.access$100(ServletInitialHandler.java:81)
	at io.undertow.servlet.handlers.ServletInitialHandler$2.call(ServletInitialHandler.java:138)
	at io.undertow.servlet.handlers.ServletInitialHandler$2.call(ServletInitialHandler.java:135)
	at io.undertow.servlet.core.ServletRequestContextThreadSetupAction$1.call(ServletRequestContextThreadSetupAction.java:48)
	at io.undertow.servlet.core.ContextClassLoaderSetupAction$1.call(ContextClassLoaderSetupAction.java:43)
	at io.undertow.servlet.handlers.ServletInitialHandler.dispatchRequest(ServletInitialHandler.java:272)
	at io.undertow.servlet.handlers.ServletInitialHandler.access$000(ServletInitialHandler.java:81)
	at io.undertow.servlet.handlers.ServletInitialHandler$1.handleRequest(ServletInitialHandler.java:104)
	at io.undertow.server.Connectors.executeRootHandler(Connectors.java:360)
	at io.undertow.server.HttpServerExchange$1.run(HttpServerExchange.java:830)
	at java.util.concurrent.ThreadPoolExecutor.runWorker(Unknown Source)
	at java.util.concurrent.ThreadPoolExecutor$Worker.run(Unknown Source)
	at java.lang.Thread.run(Unknown Source)

2019-07-24 00:38:48
[WARN]-[Thread: XNIO-7 task-1]-[com.jfinal.plugin.ehcache.CacheKit.getOrAddCache()]: Could not find cache config [setting], using default.

2019-07-24 00:38:48
[WARN]-[Thread: XNIO-7 task-1]-[com.jfinal.plugin.ehcache.CacheKit.getOrAddCache()]: Could not find cache config [loginAdmin], using default.

2019-07-24 00:38:52
[ERROR]-[Thread: XNIO-7 task-1]-[com.jfinal.core.ActionHandler.handle()]: /admin/groupInsurance/saveChangePersonBtnn?hiddenOrderIdForImport=130
java.lang.ClassCastException: java.lang.String cannot be cast to java.util.Date
	at com.crm.controller.admin.group.GroupInsuranceController.saveChangePersonBtnn(GroupInsuranceController.java:2099)
	at sun.reflect.NativeMethodAccessorImpl.invoke0(Native Method)
	at sun.reflect.NativeMethodAccessorImpl.invoke(Unknown Source)
	at sun.reflect.DelegatingMethodAccessorImpl.invoke(Unknown Source)
	at java.lang.reflect.Method.invoke(Unknown Source)
	at com.jfinal.aop.Invocation.invoke(Invocation.java:75)
	at com.crm.interceptor.EchacheInterceptor.intercept(EchacheInterceptor.java:27)
	at com.jfinal.aop.Invocation.invoke(Invocation.java:69)
	at com.crm.interceptor.AdminAuthInterceptor.intercept(AdminAuthInterceptor.java:20)
	at com.jfinal.aop.Invocation.invoke(Invocation.java:69)
	at com.crm.interceptor.AdminLoginSessionInterceptor.intercept(AdminLoginSessionInterceptor.java:62)
	at com.jfinal.aop.Invocation.invoke(Invocation.java:69)
	at com.crm.interceptor.EchacheInterceptor.intercept(EchacheInterceptor.java:27)
	at com.jfinal.aop.Invocation.invoke(Invocation.java:69)
	at com.jfinal.core.ActionHandler.handle(ActionHandler.java:81)
	at com.jfinal.core.JFinalFilter.doFilter(JFinalFilter.java:86)
	at io.undertow.servlet.core.ManagedFilter.doFilter(ManagedFilter.java:61)
	at io.undertow.servlet.handlers.FilterHandler$FilterChainImpl.doFilter(FilterHandler.java:131)
	at io.undertow.servlet.handlers.FilterHandler.handleRequest(FilterHandler.java:84)
	at io.undertow.servlet.handlers.security.ServletSecurityRoleHandler.handleRequest(ServletSecurityRoleHandler.java:62)
	at io.undertow.servlet.handlers.ServletChain$1.handleRequest(ServletChain.java:68)
	at io.undertow.servlet.handlers.ServletDispatchingHandler.handleRequest(ServletDispatchingHandler.java:36)
	at io.undertow.servlet.handlers.security.SSLInformationAssociationHandler.handleRequest(SSLInformationAssociationHandler.java:132)
	at io.undertow.servlet.handlers.security.ServletAuthenticationCallHandler.handleRequest(ServletAuthenticationCallHandler.java:57)
	at io.undertow.server.handlers.PredicateHandler.handleRequest(PredicateHandler.java:43)
	at io.undertow.security.handlers.AbstractConfidentialityHandler.handleRequest(AbstractConfidentialityHandler.java:46)
	at io.undertow.servlet.handlers.security.ServletConfidentialityConstraintHandler.handleRequest(ServletConfidentialityConstraintHandler.java:64)
	at io.undertow.security.handlers.AuthenticationMechanismsHandler.handleRequest(AuthenticationMechanismsHandler.java:60)
	at io.undertow.servlet.handlers.security.CachedAuthenticatedSessionHandler.handleRequest(CachedAuthenticatedSessionHandler.java:77)
	at io.undertow.security.handlers.AbstractSecurityContextAssociationHandler.handleRequest(AbstractSecurityContextAssociationHandler.java:43)
	at io.undertow.server.handlers.PredicateHandler.handleRequest(PredicateHandler.java:43)
	at io.undertow.server.handlers.PredicateHandler.handleRequest(PredicateHandler.java:43)
	at io.undertow.servlet.handlers.ServletInitialHandler.handleFirstRequest(ServletInitialHandler.java:292)
	at io.undertow.servlet.handlers.ServletInitialHandler.access$100(ServletInitialHandler.java:81)
	at io.undertow.servlet.handlers.ServletInitialHandler$2.call(ServletInitialHandler.java:138)
	at io.undertow.servlet.handlers.ServletInitialHandler$2.call(ServletInitialHandler.java:135)
	at io.undertow.servlet.core.ServletRequestContextThreadSetupAction$1.call(ServletRequestContextThreadSetupAction.java:48)
	at io.undertow.servlet.core.ContextClassLoaderSetupAction$1.call(ContextClassLoaderSetupAction.java:43)
	at io.undertow.servlet.handlers.ServletInitialHandler.dispatchRequest(ServletInitialHandler.java:272)
	at io.undertow.servlet.handlers.ServletInitialHandler.access$000(ServletInitialHandler.java:81)
	at io.undertow.servlet.handlers.ServletInitialHandler$1.handleRequest(ServletInitialHandler.java:104)
	at io.undertow.server.Connectors.executeRootHandler(Connectors.java:360)
	at io.undertow.server.HttpServerExchange$1.run(HttpServerExchange.java:830)
	at java.util.concurrent.ThreadPoolExecutor.runWorker(Unknown Source)
	at java.util.concurrent.ThreadPoolExecutor$Worker.run(Unknown Source)
	at java.lang.Thread.run(Unknown Source)

2019-07-24 00:39:29
[WARN]-[Thread: XNIO-9 task-1]-[com.jfinal.plugin.ehcache.CacheKit.getOrAddCache()]: Could not find cache config [setting], using default.

2019-07-24 00:39:29
[WARN]-[Thread: XNIO-9 task-1]-[com.jfinal.plugin.ehcache.CacheKit.getOrAddCache()]: Could not find cache config [loginAdmin], using default.

2019-07-24 00:39:30
[ERROR]-[Thread: XNIO-9 task-1]-[com.jfinal.core.ActionHandler.handle()]: /admin/groupInsurance/saveChangePersonBtnn?hiddenOrderIdForImport=130
java.lang.ClassCastException: java.lang.String cannot be cast to java.util.Date
	at com.jfinal.plugin.activerecord.Model.getDate(Model.java:323)
	at com.crm.controller.admin.group.GroupInsuranceController.saveChangePersonBtnn(GroupInsuranceController.java:2078)
	at sun.reflect.NativeMethodAccessorImpl.invoke0(Native Method)
	at sun.reflect.NativeMethodAccessorImpl.invoke(Unknown Source)
	at sun.reflect.DelegatingMethodAccessorImpl.invoke(Unknown Source)
	at java.lang.reflect.Method.invoke(Unknown Source)
	at com.jfinal.aop.Invocation.invoke(Invocation.java:75)
	at com.crm.interceptor.EchacheInterceptor.intercept(EchacheInterceptor.java:27)
	at com.jfinal.aop.Invocation.invoke(Invocation.java:69)
	at com.crm.interceptor.AdminAuthInterceptor.intercept(AdminAuthInterceptor.java:20)
	at com.jfinal.aop.Invocation.invoke(Invocation.java:69)
	at com.crm.interceptor.AdminLoginSessionInterceptor.intercept(AdminLoginSessionInterceptor.java:62)
	at com.jfinal.aop.Invocation.invoke(Invocation.java:69)
	at com.crm.interceptor.EchacheInterceptor.intercept(EchacheInterceptor.java:27)
	at com.jfinal.aop.Invocation.invoke(Invocation.java:69)
	at com.jfinal.core.ActionHandler.handle(ActionHandler.java:81)
	at com.jfinal.core.JFinalFilter.doFilter(JFinalFilter.java:86)
	at io.undertow.servlet.core.ManagedFilter.doFilter(ManagedFilter.java:61)
	at io.undertow.servlet.handlers.FilterHandler$FilterChainImpl.doFilter(FilterHandler.java:131)
	at io.undertow.servlet.handlers.FilterHandler.handleRequest(FilterHandler.java:84)
	at io.undertow.servlet.handlers.security.ServletSecurityRoleHandler.handleRequest(ServletSecurityRoleHandler.java:62)
	at io.undertow.servlet.handlers.ServletChain$1.handleRequest(ServletChain.java:68)
	at io.undertow.servlet.handlers.ServletDispatchingHandler.handleRequest(ServletDispatchingHandler.java:36)
	at io.undertow.servlet.handlers.security.SSLInformationAssociationHandler.handleRequest(SSLInformationAssociationHandler.java:132)
	at io.undertow.servlet.handlers.security.ServletAuthenticationCallHandler.handleRequest(ServletAuthenticationCallHandler.java:57)
	at io.undertow.server.handlers.PredicateHandler.handleRequest(PredicateHandler.java:43)
	at io.undertow.security.handlers.AbstractConfidentialityHandler.handleRequest(AbstractConfidentialityHandler.java:46)
	at io.undertow.servlet.handlers.security.ServletConfidentialityConstraintHandler.handleRequest(ServletConfidentialityConstraintHandler.java:64)
	at io.undertow.security.handlers.AuthenticationMechanismsHandler.handleRequest(AuthenticationMechanismsHandler.java:60)
	at io.undertow.servlet.handlers.security.CachedAuthenticatedSessionHandler.handleRequest(CachedAuthenticatedSessionHandler.java:77)
	at io.undertow.security.handlers.AbstractSecurityContextAssociationHandler.handleRequest(AbstractSecurityContextAssociationHandler.java:43)
	at io.undertow.server.handlers.PredicateHandler.handleRequest(PredicateHandler.java:43)
	at io.undertow.server.handlers.PredicateHandler.handleRequest(PredicateHandler.java:43)
	at io.undertow.servlet.handlers.ServletInitialHandler.handleFirstRequest(ServletInitialHandler.java:292)
	at io.undertow.servlet.handlers.ServletInitialHandler.access$100(ServletInitialHandler.java:81)
	at io.undertow.servlet.handlers.ServletInitialHandler$2.call(ServletInitialHandler.java:138)
	at io.undertow.servlet.handlers.ServletInitialHandler$2.call(ServletInitialHandler.java:135)
	at io.undertow.servlet.core.ServletRequestContextThreadSetupAction$1.call(ServletRequestContextThreadSetupAction.java:48)
	at io.undertow.servlet.core.ContextClassLoaderSetupAction$1.call(ContextClassLoaderSetupAction.java:43)
	at io.undertow.servlet.handlers.ServletInitialHandler.dispatchRequest(ServletInitialHandler.java:272)
	at io.undertow.servlet.handlers.ServletInitialHandler.access$000(ServletInitialHandler.java:81)
	at io.undertow.servlet.handlers.ServletInitialHandler$1.handleRequest(ServletInitialHandler.java:104)
	at io.undertow.server.Connectors.executeRootHandler(Connectors.java:360)
	at io.undertow.server.HttpServerExchange$1.run(HttpServerExchange.java:830)
	at java.util.concurrent.ThreadPoolExecutor.runWorker(Unknown Source)
	at java.util.concurrent.ThreadPoolExecutor$Worker.run(Unknown Source)
	at java.lang.Thread.run(Unknown Source)

2019-07-24 00:40:39
[WARN]-[Thread: XNIO-10 task-1]-[com.jfinal.plugin.ehcache.CacheKit.getOrAddCache()]: Could not find cache config [setting], using default.

2019-07-24 00:40:39
[WARN]-[Thread: XNIO-10 task-1]-[com.jfinal.plugin.ehcache.CacheKit.getOrAddCache()]: Could not find cache config [loginAdmin], using default.

2019-07-24 00:41:31
[ERROR]-[Thread: XNIO-10 task-1]-[com.jfinal.core.ActionHandler.handle()]: /admin/groupInsurance/saveChangePersonBtnn?hiddenOrderIdForImport=130
com.jfinal.plugin.activerecord.ActiveRecordException: com.alibaba.druid.pool.DataSourceClosedException: dataSource already closed at Wed Jul 24 00:41:28 GMT+08:00 2019
	at com.jfinal.plugin.activerecord.Model.find(Model.java:662)
	at com.jfinal.plugin.activerecord.Model.findFirst(Model.java:682)
	at com.crm.service.group.impl.GroupInsuranceOrderServiceImpl.findById(GroupInsuranceOrderServiceImpl.java:132)
	at com.crm.service.group.impl.GroupInsuranceOrderServiceImpl$$EnhancerByCGLIB$$9a7ca4c1.CGLIB$findById$10(<generated>)
	at com.crm.service.group.impl.GroupInsuranceOrderServiceImpl$$EnhancerByCGLIB$$9a7ca4c1$$FastClassByCGLIB$$f47e3010.invoke(<generated>)
	at net.sf.cglib.proxy.MethodProxy.invokeSuper(MethodProxy.java:228)
	at com.jfinal.aop.Invocation.invoke(Invocation.java:84)
	at com.jfinal.aop.Callback.intercept(Callback.java:96)
	at com.crm.service.group.impl.GroupInsuranceOrderServiceImpl$$EnhancerByCGLIB$$9a7ca4c1.findById(<generated>)
	at com.crm.service.system.impl.EmailServiceImpl.sendChangePersonEmail(EmailServiceImpl.java:47)
	at com.crm.service.system.impl.EmailServiceImpl$$EnhancerByCGLIB$$6ed2c1b2.CGLIB$sendChangePersonEmail$0(<generated>)
	at com.crm.service.system.impl.EmailServiceImpl$$EnhancerByCGLIB$$6ed2c1b2$$FastClassByCGLIB$$83f1e763.invoke(<generated>)
	at net.sf.cglib.proxy.MethodProxy.invokeSuper(MethodProxy.java:228)
	at com.jfinal.aop.Invocation.invoke(Invocation.java:84)
	at com.jfinal.aop.Callback.intercept(Callback.java:96)
	at com.crm.service.system.impl.EmailServiceImpl$$EnhancerByCGLIB$$6ed2c1b2.sendChangePersonEmail(<generated>)
	at com.crm.controller.admin.group.GroupInsuranceController.saveChangePersonBtnn(GroupInsuranceController.java:2141)
	at sun.reflect.NativeMethodAccessorImpl.invoke0(Native Method)
	at sun.reflect.NativeMethodAccessorImpl.invoke(Unknown Source)
	at sun.reflect.DelegatingMethodAccessorImpl.invoke(Unknown Source)
	at java.lang.reflect.Method.invoke(Unknown Source)
	at com.jfinal.aop.Invocation.invoke(Invocation.java:75)
	at com.crm.interceptor.EchacheInterceptor.intercept(EchacheInterceptor.java:27)
	at com.jfinal.aop.Invocation.invoke(Invocation.java:69)
	at com.crm.interceptor.AdminAuthInterceptor.intercept(AdminAuthInterceptor.java:20)
	at com.jfinal.aop.Invocation.invoke(Invocation.java:69)
	at com.crm.interceptor.AdminLoginSessionInterceptor.intercept(AdminLoginSessionInterceptor.java:62)
	at com.jfinal.aop.Invocation.invoke(Invocation.java:69)
	at com.crm.interceptor.EchacheInterceptor.intercept(EchacheInterceptor.java:27)
	at com.jfinal.aop.Invocation.invoke(Invocation.java:69)
	at com.jfinal.core.ActionHandler.handle(ActionHandler.java:81)
	at com.jfinal.core.JFinalFilter.doFilter(JFinalFilter.java:86)
	at io.undertow.servlet.core.ManagedFilter.doFilter(ManagedFilter.java:61)
	at io.undertow.servlet.handlers.FilterHandler$FilterChainImpl.doFilter(FilterHandler.java:131)
	at io.undertow.servlet.handlers.FilterHandler.handleRequest(FilterHandler.java:84)
	at io.undertow.servlet.handlers.security.ServletSecurityRoleHandler.handleRequest(ServletSecurityRoleHandler.java:62)
	at io.undertow.servlet.handlers.ServletChain$1.handleRequest(ServletChain.java:68)
	at io.undertow.servlet.handlers.ServletDispatchingHandler.handleRequest(ServletDispatchingHandler.java:36)
	at io.undertow.servlet.handlers.security.SSLInformationAssociationHandler.handleRequest(SSLInformationAssociationHandler.java:132)
	at io.undertow.servlet.handlers.security.ServletAuthenticationCallHandler.handleRequest(ServletAuthenticationCallHandler.java:57)
	at io.undertow.server.handlers.PredicateHandler.handleRequest(PredicateHandler.java:43)
	at io.undertow.security.handlers.AbstractConfidentialityHandler.handleRequest(AbstractConfidentialityHandler.java:46)
	at io.undertow.servlet.handlers.security.ServletConfidentialityConstraintHandler.handleRequest(ServletConfidentialityConstraintHandler.java:64)
	at io.undertow.security.handlers.AuthenticationMechanismsHandler.handleRequest(AuthenticationMechanismsHandler.java:60)
	at io.undertow.servlet.handlers.security.CachedAuthenticatedSessionHandler.handleRequest(CachedAuthenticatedSessionHandler.java:77)
	at io.undertow.security.handlers.AbstractSecurityContextAssociationHandler.handleRequest(AbstractSecurityContextAssociationHandler.java:43)
	at io.undertow.server.handlers.PredicateHandler.handleRequest(PredicateHandler.java:43)
	at io.undertow.server.handlers.PredicateHandler.handleRequest(PredicateHandler.java:43)
	at io.undertow.servlet.handlers.ServletInitialHandler.handleFirstRequest(ServletInitialHandler.java:292)
	at io.undertow.servlet.handlers.ServletInitialHandler.access$100(ServletInitialHandler.java:81)
	at io.undertow.servlet.handlers.ServletInitialHandler$2.call(ServletInitialHandler.java:138)
	at io.undertow.servlet.handlers.ServletInitialHandler$2.call(ServletInitialHandler.java:135)
	at io.undertow.servlet.core.ServletRequestContextThreadSetupAction$1.call(ServletRequestContextThreadSetupAction.java:48)
	at io.undertow.servlet.core.ContextClassLoaderSetupAction$1.call(ContextClassLoaderSetupAction.java:43)
	at io.undertow.servlet.handlers.ServletInitialHandler.dispatchRequest(ServletInitialHandler.java:272)
	at io.undertow.servlet.handlers.ServletInitialHandler.access$000(ServletInitialHandler.java:81)
	at io.undertow.servlet.handlers.ServletInitialHandler$1.handleRequest(ServletInitialHandler.java:104)
	at io.undertow.server.Connectors.executeRootHandler(Connectors.java:360)
	at io.undertow.server.HttpServerExchange$1.run(HttpServerExchange.java:830)
	at java.util.concurrent.ThreadPoolExecutor.runWorker(Unknown Source)
	at java.util.concurrent.ThreadPoolExecutor$Worker.run(Unknown Source)
	at java.lang.Thread.run(Unknown Source)
Caused by: com.alibaba.druid.pool.DataSourceClosedException: dataSource already closed at Wed Jul 24 00:41:28 GMT+08:00 2019
	at com.alibaba.druid.pool.DruidDataSource.getConnectionInternal(DruidDataSource.java:1358)
	at com.alibaba.druid.pool.DruidDataSource.getConnectionDirect(DruidDataSource.java:1255)
	at com.alibaba.druid.filter.FilterChainImpl.dataSource_connect(FilterChainImpl.java:5007)
	at com.alibaba.druid.filter.stat.StatFilter.dataSource_getConnection(StatFilter.java:680)
	at com.alibaba.druid.filter.FilterChainImpl.dataSource_connect(FilterChainImpl.java:5003)
	at com.alibaba.druid.filter.FilterAdapter.dataSource_getConnection(FilterAdapter.java:2745)
	at com.alibaba.druid.filter.FilterChainImpl.dataSource_connect(FilterChainImpl.java:5003)
	at com.alibaba.druid.pool.DruidDataSource.getConnection(DruidDataSource.java:1233)
	at com.alibaba.druid.pool.DruidDataSource.getConnection(DruidDataSource.java:1225)
	at com.alibaba.druid.pool.DruidDataSource.getConnection(DruidDataSource.java:90)
	at com.jfinal.plugin.activerecord.Config.getConnection(Config.java:203)
	at com.jfinal.plugin.activerecord.Model.find(Model.java:659)
	... 61 more

2019-07-24 00:42:24
[WARN]-[Thread: XNIO-12 task-1]-[com.jfinal.plugin.ehcache.CacheKit.getOrAddCache()]: Could not find cache config [setting], using default.

2019-07-24 00:42:24
[WARN]-[Thread: XNIO-12 task-1]-[com.jfinal.plugin.ehcache.CacheKit.getOrAddCache()]: Could not find cache config [loginAdmin], using default.

2019-07-24 00:47:31
[WARN]-[Thread: XNIO-13 task-1]-[com.jfinal.plugin.ehcache.CacheKit.getOrAddCache()]: Could not find cache config [setting], using default.

2019-07-24 00:47:31
[WARN]-[Thread: XNIO-13 task-1]-[com.jfinal.plugin.ehcache.CacheKit.getOrAddCache()]: Could not find cache config [loginAdmin], using default.
